{"/Users/eriksummerfield/dev/aspot/packages/aspot/lib/find.js": {"path":"/Users/eriksummerfield/dev/aspot/packages/aspot/lib/find.js","statementMap":{"0":{"start":{"line":2,"column":0},"end":{"line":2,"column":62}},"1":{"start":{"line":3,"column":0},"end":{"line":3,"column":116}},"2":{"start":{"line":4,"column":17},"end":{"line":4,"column":34}},"3":{"start":{"line":5,"column":16},"end":{"line":5,"column":34}},"4":{"start":{"line":6,"column":26},"end":{"line":6,"column":147}},"5":{"start":{"line":6,"column":36},"end":{"line":6,"column":147}},"6":{"start":{"line":6,"column":111},"end":{"line":6,"column":146}},"7":{"start":{"line":6,"column":128},"end":{"line":6,"column":145}},"8":{"start":{"line":7,"column":0},"end":{"line":7,"column":46}},"9":{"start":{"line":8,"column":22},"end":{"line":8,"column":187}},"10":{"start":{"line":8,"column":32},"end":{"line":8,"column":187}},"11":{"start":{"line":8,"column":107},"end":{"line":8,"column":186}},"12":{"start":{"line":9,"column":0},"end":{"line":9,"column":38}},"13":{"start":{"line":10,"column":17},"end":{"line":10,"column":121}},"14":{"start":{"line":10,"column":48},"end":{"line":10,"column":121}},"15":{"start":{"line":10,"column":58},"end":{"line":10,"column":121}},"16":{"start":{"line":10,"column":78},"end":{"line":10,"column":121}},"17":{"start":{"line":11,"column":23},"end":{"line":20,"column":1}},"18":{"start":{"line":11,"column":38},"end":{"line":20,"column":1}},"19":{"start":{"line":12,"column":4},"end":{"line":19,"column":11}},"20":{"start":{"line":13,"column":27},"end":{"line":13,"column":41}},"21":{"start":{"line":14,"column":8},"end":{"line":15,"column":36}},"22":{"start":{"line":15,"column":12},"end":{"line":15,"column":36}},"23":{"start":{"line":16,"column":8},"end":{"line":17,"column":46}},"24":{"start":{"line":17,"column":12},"end":{"line":17,"column":46}},"25":{"start":{"line":18,"column":8},"end":{"line":18,"column":22}},"26":{"start":{"line":21,"column":0},"end":{"line":21,"column":40}},"27":{"start":{"line":22,"column":23},"end":{"line":24,"column":39}},"28":{"start":{"line":22,"column":41},"end":{"line":24,"column":38}},"29":{"start":{"line":23,"column":4},"end":{"line":23,"column":181}},"30":{"start":{"line":25,"column":30},"end":{"line":25,"column":202}},"31":{"start":{"line":25,"column":40},"end":{"line":25,"column":202}},"32":{"start":{"line":25,"column":55},"end":{"line":25,"column":202}},"33":{"start":{"line":25,"column":69},"end":{"line":25,"column":201}},"34":{"start":{"line":26,"column":0},"end":{"line":26,"column":54}},"35":{"start":{"line":27,"column":29},"end":{"line":29,"column":2}},"36":{"start":{"line":27,"column":45},"end":{"line":29,"column":1}},"37":{"start":{"line":28,"column":21},"end":{"line":28,"column":30}},"38":{"start":{"line":30,"column":26},"end":{"line":30,"column":129}},"39":{"start":{"line":30,"column":39},"end":{"line":30,"column":128}},"40":{"start":{"line":30,"column":98},"end":{"line":30,"column":125}},"41":{"start":{"line":31,"column":32},"end":{"line":31,"column":182}},"42":{"start":{"line":31,"column":49},"end":{"line":31,"column":182}},"43":{"start":{"line":31,"column":62},"end":{"line":31,"column":181}},"44":{"start":{"line":31,"column":127},"end":{"line":31,"column":178}},"45":{"start":{"line":31,"column":155},"end":{"line":31,"column":177}},"46":{"start":{"line":32,"column":31},"end":{"line":32,"column":197}},"47":{"start":{"line":32,"column":50},"end":{"line":32,"column":197}},"48":{"start":{"line":32,"column":63},"end":{"line":32,"column":196}},"49":{"start":{"line":32,"column":127},"end":{"line":32,"column":193}},"50":{"start":{"line":32,"column":155},"end":{"line":32,"column":192}},"51":{"start":{"line":33,"column":30},"end":{"line":33,"column":140}},"52":{"start":{"line":33,"column":43},"end":{"line":33,"column":139}},"53":{"start":{"line":34,"column":23},"end":{"line":34,"column":231}},"54":{"start":{"line":34,"column":34},"end":{"line":34,"column":231}},"55":{"start":{"line":34,"column":49},"end":{"line":34,"column":231}}},"fnMap":{"0":{"name":"(anonymous_0)","decl":{"start":{"line":6,"column":26},"end":{"line":6,"column":27}},"loc":{"start":{"line":6,"column":36},"end":{"line":6,"column":147}},"line":6},"1":{"name":"(anonymous_1)","decl":{"start":{"line":6,"column":36},"end":{"line":6,"column":37}},"loc":{"start":{"line":6,"column":111},"end":{"line":6,"column":146}},"line":6},"2":{"name":"(anonymous_2)","decl":{"start":{"line":6,"column":123},"end":{"line":6,"column":124}},"loc":{"start":{"line":6,"column":128},"end":{"line":6,"column":145}},"line":6},"3":{"name":"(anonymous_3)","decl":{"start":{"line":8,"column":22},"end":{"line":8,"column":23}},"loc":{"start":{"line":8,"column":32},"end":{"line":8,"column":187}},"line":8},"4":{"name":"(anonymous_4)","decl":{"start":{"line":8,"column":32},"end":{"line":8,"column":33}},"loc":{"start":{"line":8,"column":107},"end":{"line":8,"column":186}},"line":8},"5":{"name":"(anonymous_5)","decl":{"start":{"line":10,"column":17},"end":{"line":10,"column":18}},"loc":{"start":{"line":10,"column":48},"end":{"line":10,"column":121}},"line":10},"6":{"name":"(anonymous_6)","decl":{"start":{"line":10,"column":48},"end":{"line":10,"column":49}},"loc":{"start":{"line":10,"column":58},"end":{"line":10,"column":121}},"line":10},"7":{"name":"(anonymous_7)","decl":{"start":{"line":10,"column":58},"end":{"line":10,"column":59}},"loc":{"start":{"line":10,"column":78},"end":{"line":10,"column":121}},"line":10},"8":{"name":"(anonymous_8)","decl":{"start":{"line":11,"column":23},"end":{"line":11,"column":24}},"loc":{"start":{"line":11,"column":38},"end":{"line":20,"column":1}},"line":11},"9":{"name":"(anonymous_9)","decl":{"start":{"line":11,"column":38},"end":{"line":11,"column":39}},"loc":{"start":{"line":11,"column":48},"end":{"line":20,"column":1}},"line":11},"10":{"name":"(anonymous_10)","decl":{"start":{"line":12,"column":28},"end":{"line":12,"column":29}},"loc":{"start":{"line":12,"column":50},"end":{"line":19,"column":5}},"line":12},"11":{"name":"(anonymous_11)","decl":{"start":{"line":22,"column":23},"end":{"line":22,"column":24}},"loc":{"start":{"line":22,"column":41},"end":{"line":24,"column":38}},"line":22},"12":{"name":"(anonymous_12)","decl":{"start":{"line":22,"column":57},"end":{"line":22,"column":58}},"loc":{"start":{"line":22,"column":78},"end":{"line":24,"column":1}},"line":22},"13":{"name":"(anonymous_13)","decl":{"start":{"line":25,"column":30},"end":{"line":25,"column":31}},"loc":{"start":{"line":25,"column":40},"end":{"line":25,"column":202}},"line":25},"14":{"name":"(anonymous_14)","decl":{"start":{"line":25,"column":40},"end":{"line":25,"column":41}},"loc":{"start":{"line":25,"column":55},"end":{"line":25,"column":202}},"line":25},"15":{"name":"(anonymous_15)","decl":{"start":{"line":25,"column":55},"end":{"line":25,"column":56}},"loc":{"start":{"line":25,"column":69},"end":{"line":25,"column":201}},"line":25},"16":{"name":"(anonymous_16)","decl":{"start":{"line":27,"column":29},"end":{"line":27,"column":30}},"loc":{"start":{"line":27,"column":45},"end":{"line":29,"column":1}},"line":27},"17":{"name":"(anonymous_17)","decl":{"start":{"line":28,"column":15},"end":{"line":28,"column":16}},"loc":{"start":{"line":28,"column":21},"end":{"line":28,"column":30}},"line":28},"18":{"name":"(anonymous_18)","decl":{"start":{"line":30,"column":26},"end":{"line":30,"column":27}},"loc":{"start":{"line":30,"column":39},"end":{"line":30,"column":128}},"line":30},"19":{"name":"(anonymous_19)","decl":{"start":{"line":30,"column":92},"end":{"line":30,"column":93}},"loc":{"start":{"line":30,"column":98},"end":{"line":30,"column":125}},"line":30},"20":{"name":"(anonymous_20)","decl":{"start":{"line":31,"column":32},"end":{"line":31,"column":33}},"loc":{"start":{"line":31,"column":49},"end":{"line":31,"column":182}},"line":31},"21":{"name":"(anonymous_21)","decl":{"start":{"line":31,"column":49},"end":{"line":31,"column":50}},"loc":{"start":{"line":31,"column":62},"end":{"line":31,"column":181}},"line":31},"22":{"name":"(anonymous_22)","decl":{"start":{"line":31,"column":121},"end":{"line":31,"column":122}},"loc":{"start":{"line":31,"column":127},"end":{"line":31,"column":178}},"line":31},"23":{"name":"(anonymous_23)","decl":{"start":{"line":31,"column":150},"end":{"line":31,"column":151}},"loc":{"start":{"line":31,"column":155},"end":{"line":31,"column":177}},"line":31},"24":{"name":"(anonymous_24)","decl":{"start":{"line":32,"column":31},"end":{"line":32,"column":32}},"loc":{"start":{"line":32,"column":50},"end":{"line":32,"column":197}},"line":32},"25":{"name":"(anonymous_25)","decl":{"start":{"line":32,"column":50},"end":{"line":32,"column":51}},"loc":{"start":{"line":32,"column":63},"end":{"line":32,"column":196}},"line":32},"26":{"name":"(anonymous_26)","decl":{"start":{"line":32,"column":121},"end":{"line":32,"column":122}},"loc":{"start":{"line":32,"column":127},"end":{"line":32,"column":193}},"line":32},"27":{"name":"(anonymous_27)","decl":{"start":{"line":32,"column":150},"end":{"line":32,"column":151}},"loc":{"start":{"line":32,"column":155},"end":{"line":32,"column":192}},"line":32},"28":{"name":"(anonymous_28)","decl":{"start":{"line":33,"column":30},"end":{"line":33,"column":31}},"loc":{"start":{"line":33,"column":43},"end":{"line":33,"column":139}},"line":33},"29":{"name":"(anonymous_29)","decl":{"start":{"line":34,"column":23},"end":{"line":34,"column":24}},"loc":{"start":{"line":34,"column":34},"end":{"line":34,"column":231}},"line":34},"30":{"name":"(anonymous_30)","decl":{"start":{"line":34,"column":34},"end":{"line":34,"column":35}},"loc":{"start":{"line":34,"column":49},"end":{"line":34,"column":231}},"line":34}},"branchMap":{"0":{"loc":{"start":{"line":6,"column":37},"end":{"line":6,"column":59}},"type":"default-arg","locations":[{"start":{"line":6,"column":45},"end":{"line":6,"column":59}}],"line":6},"1":{"loc":{"start":{"line":6,"column":61},"end":{"line":6,"column":105}},"type":"default-arg","locations":[{"start":{"line":6,"column":71},"end":{"line":6,"column":105}}],"line":6},"2":{"loc":{"start":{"line":8,"column":33},"end":{"line":8,"column":55}},"type":"default-arg","locations":[{"start":{"line":8,"column":41},"end":{"line":8,"column":55}}],"line":8},"3":{"loc":{"start":{"line":8,"column":57},"end":{"line":8,"column":101}},"type":"default-arg","locations":[{"start":{"line":8,"column":67},"end":{"line":8,"column":101}}],"line":8},"4":{"loc":{"start":{"line":14,"column":8},"end":{"line":15,"column":36}},"type":"if","locations":[{"start":{"line":14,"column":8},"end":{"line":15,"column":36}},{"start":{"line":14,"column":8},"end":{"line":15,"column":36}}],"line":14},"5":{"loc":{"start":{"line":14,"column":12},"end":{"line":14,"column":45}},"type":"binary-expr","locations":[{"start":{"line":14,"column":12},"end":{"line":14,"column":22}},{"start":{"line":14,"column":26},"end":{"line":14,"column":45}}],"line":14},"6":{"loc":{"start":{"line":16,"column":8},"end":{"line":17,"column":46}},"type":"if","locations":[{"start":{"line":16,"column":8},"end":{"line":17,"column":46}},{"start":{"line":16,"column":8},"end":{"line":17,"column":46}}],"line":16},"7":{"loc":{"start":{"line":23,"column":11},"end":{"line":23,"column":180}},"type":"cond-expr","locations":[{"start":{"line":23,"column":21},"end":{"line":23,"column":171}},{"start":{"line":23,"column":174},"end":{"line":23,"column":180}}],"line":23},"8":{"loc":{"start":{"line":30,"column":98},"end":{"line":30,"column":125}},"type":"binary-expr","locations":[{"start":{"line":30,"column":98},"end":{"line":30,"column":117}},{"start":{"line":30,"column":121},"end":{"line":30,"column":125}}],"line":30},"9":{"loc":{"start":{"line":33,"column":103},"end":{"line":33,"column":136}},"type":"binary-expr","locations":[{"start":{"line":33,"column":103},"end":{"line":33,"column":128}},{"start":{"line":33,"column":132},"end":{"line":33,"column":136}}],"line":33}},"s":{"0":2,"1":2,"2":2,"3":2,"4":2,"5":2,"6":2,"7":4,"8":2,"9":2,"10":0,"11":0,"12":2,"13":2,"14":0,"15":0,"16":0,"17":2,"18":1,"19":1,"20":4,"21":4,"22":2,"23":4,"24":4,"25":4,"26":2,"27":2,"28":0,"29":0,"30":2,"31":3,"32":3,"33":3,"34":2,"35":2,"36":0,"37":0,"38":2,"39":0,"40":0,"41":2,"42":0,"43":0,"44":0,"45":0,"46":2,"47":0,"48":0,"49":0,"50":0,"51":2,"52":0,"53":2,"54":0,"55":0},"f":{"0":2,"1":2,"2":4,"3":0,"4":0,"5":0,"6":0,"7":0,"8":1,"9":1,"10":4,"11":0,"12":0,"13":3,"14":3,"15":3,"16":0,"17":0,"18":0,"19":0,"20":0,"21":0,"22":0,"23":0,"24":0,"25":0,"26":0,"27":0,"28":0,"29":0,"30":0},"b":{"0":[0],"1":[0],"2":[0],"3":[0],"4":[2,2],"5":[4,4],"6":[4,0],"7":[0,0],"8":[0,0],"9":[0,0]},"inputSourceMap":null,"_coverageSchema":"1a1c01bbd47fc00a2c39e90264f33305004495a9","hash":"e5db5e47457dcdd14008bd0edfd2e7b54fbda120"}
,"/Users/eriksummerfield/dev/aspot/packages/aspot/lib/match.js": {"path":"/Users/eriksummerfield/dev/aspot/packages/aspot/lib/match.js","statementMap":{"0":{"start":{"line":2,"column":0},"end":{"line":2,"column":62}},"1":{"start":{"line":3,"column":0},"end":{"line":3,"column":304}},"2":{"start":{"line":4,"column":16},"end":{"line":4,"column":34}},"3":{"start":{"line":5,"column":28},"end":{"line":5,"column":53}},"4":{"start":{"line":5,"column":35},"end":{"line":5,"column":52}},"5":{"start":{"line":6,"column":0},"end":{"line":6,"column":50}},"6":{"start":{"line":7,"column":15},"end":{"line":7,"column":25}},"7":{"start":{"line":7,"column":21},"end":{"line":7,"column":25}},"8":{"start":{"line":8,"column":0},"end":{"line":8,"column":24}},"9":{"start":{"line":9,"column":16},"end":{"line":9,"column":27}},"10":{"start":{"line":9,"column":22},"end":{"line":9,"column":27}},"11":{"start":{"line":10,"column":0},"end":{"line":10,"column":26}},"12":{"start":{"line":11,"column":12},"end":{"line":11,"column":87}},"13":{"start":{"line":11,"column":24},"end":{"line":11,"column":87}},"14":{"start":{"line":11,"column":60},"end":{"line":11,"column":86}},"15":{"start":{"line":12,"column":0},"end":{"line":12,"column":18}},"16":{"start":{"line":13,"column":12},"end":{"line":13,"column":144}},"17":{"start":{"line":13,"column":28},"end":{"line":13,"column":144}},"18":{"start":{"line":13,"column":65},"end":{"line":13,"column":142}},"19":{"start":{"line":13,"column":100},"end":{"line":13,"column":135}},"20":{"start":{"line":14,"column":0},"end":{"line":14,"column":18}},"21":{"start":{"line":15,"column":11},"end":{"line":15,"column":144}},"22":{"start":{"line":15,"column":27},"end":{"line":15,"column":144}},"23":{"start":{"line":15,"column":64},"end":{"line":15,"column":142}},"24":{"start":{"line":15,"column":99},"end":{"line":15,"column":134}},"25":{"start":{"line":16,"column":0},"end":{"line":16,"column":16}},"26":{"start":{"line":17,"column":23},"end":{"line":19,"column":19}},"27":{"start":{"line":17,"column":33},"end":{"line":19,"column":19}},"28":{"start":{"line":17,"column":43},"end":{"line":19,"column":18}},"29":{"start":{"line":20,"column":11},"end":{"line":25,"column":2}},"30":{"start":{"line":20,"column":21},"end":{"line":25,"column":2}},"31":{"start":{"line":20,"column":28},"end":{"line":25,"column":2}},"32":{"start":{"line":21,"column":20},"end":{"line":21,"column":34}},"33":{"start":{"line":22,"column":4},"end":{"line":23,"column":21}},"34":{"start":{"line":23,"column":8},"end":{"line":23,"column":21}},"35":{"start":{"line":24,"column":4},"end":{"line":24,"column":38}},"36":{"start":{"line":26,"column":0},"end":{"line":26,"column":16}},"37":{"start":{"line":27,"column":13},"end":{"line":30,"column":2}},"38":{"start":{"line":27,"column":29},"end":{"line":30,"column":2}},"39":{"start":{"line":27,"column":39},"end":{"line":30,"column":2}},"40":{"start":{"line":27,"column":49},"end":{"line":30,"column":2}},"41":{"start":{"line":28,"column":26},"end":{"line":28,"column":58}},"42":{"start":{"line":29,"column":4},"end":{"line":29,"column":108}},"43":{"start":{"line":29,"column":66},"end":{"line":29,"column":73}},"44":{"start":{"line":31,"column":0},"end":{"line":31,"column":20}},"45":{"start":{"line":32,"column":21},"end":{"line":32,"column":59}},"46":{"start":{"line":32,"column":35},"end":{"line":32,"column":59}},"47":{"start":{"line":33,"column":0},"end":{"line":33,"column":36}},"48":{"start":{"line":34,"column":21},"end":{"line":40,"column":1}},"49":{"start":{"line":35,"column":4},"end":{"line":39,"column":7}},"50":{"start":{"line":36,"column":27},"end":{"line":36,"column":47}},"51":{"start":{"line":37,"column":28},"end":{"line":37,"column":49}},"52":{"start":{"line":38,"column":30},"end":{"line":38,"column":45}},"53":{"start":{"line":41,"column":18},"end":{"line":41,"column":68}},"54":{"start":{"line":41,"column":31},"end":{"line":41,"column":68}},"55":{"start":{"line":42,"column":0},"end":{"line":42,"column":30}},"56":{"start":{"line":43,"column":20},"end":{"line":43,"column":76}},"57":{"start":{"line":43,"column":35},"end":{"line":43,"column":76}},"58":{"start":{"line":44,"column":0},"end":{"line":44,"column":34}},"59":{"start":{"line":45,"column":17},"end":{"line":45,"column":64}},"60":{"start":{"line":45,"column":29},"end":{"line":45,"column":64}},"61":{"start":{"line":46,"column":0},"end":{"line":46,"column":28}},"62":{"start":{"line":47,"column":21},"end":{"line":47,"column":101}},"63":{"start":{"line":47,"column":33},"end":{"line":47,"column":101}},"64":{"start":{"line":47,"column":82},"end":{"line":47,"column":98}},"65":{"start":{"line":48,"column":0},"end":{"line":48,"column":36}},"66":{"start":{"line":49,"column":19},"end":{"line":56,"column":1}},"67":{"start":{"line":49,"column":30},"end":{"line":56,"column":1}},"68":{"start":{"line":50,"column":25},"end":{"line":50,"column":30}},"69":{"start":{"line":51,"column":4},"end":{"line":55,"column":6}},"70":{"start":{"line":53,"column":33},"end":{"line":53,"column":61}},"71":{"start":{"line":54,"column":31},"end":{"line":54,"column":73}},"72":{"start":{"line":54,"column":45},"end":{"line":54,"column":73}},"73":{"start":{"line":57,"column":0},"end":{"line":57,"column":32}},"74":{"start":{"line":58,"column":14},"end":{"line":58,"column":38}},"75":{"start":{"line":59,"column":0},"end":{"line":59,"column":22}},"76":{"start":{"line":60,"column":17},"end":{"line":60,"column":29}},"77":{"start":{"line":61,"column":0},"end":{"line":61,"column":28}}},"fnMap":{"0":{"name":"(anonymous_0)","decl":{"start":{"line":5,"column":28},"end":{"line":5,"column":29}},"loc":{"start":{"line":5,"column":35},"end":{"line":5,"column":52}},"line":5},"1":{"name":"(anonymous_1)","decl":{"start":{"line":7,"column":15},"end":{"line":7,"column":16}},"loc":{"start":{"line":7,"column":21},"end":{"line":7,"column":25}},"line":7},"2":{"name":"(anonymous_2)","decl":{"start":{"line":9,"column":16},"end":{"line":9,"column":17}},"loc":{"start":{"line":9,"column":22},"end":{"line":9,"column":27}},"line":9},"3":{"name":"(anonymous_3)","decl":{"start":{"line":11,"column":12},"end":{"line":11,"column":13}},"loc":{"start":{"line":11,"column":24},"end":{"line":11,"column":87}},"line":11},"4":{"name":"(anonymous_4)","decl":{"start":{"line":11,"column":37},"end":{"line":11,"column":38}},"loc":{"start":{"line":11,"column":60},"end":{"line":11,"column":86}},"line":11},"5":{"name":"(anonymous_5)","decl":{"start":{"line":13,"column":12},"end":{"line":13,"column":13}},"loc":{"start":{"line":13,"column":28},"end":{"line":13,"column":144}},"line":13},"6":{"name":"(anonymous_6)","decl":{"start":{"line":13,"column":41},"end":{"line":13,"column":42}},"loc":{"start":{"line":13,"column":65},"end":{"line":13,"column":142}},"line":13},"7":{"name":"(anonymous_7)","decl":{"start":{"line":13,"column":80},"end":{"line":13,"column":81}},"loc":{"start":{"line":13,"column":100},"end":{"line":13,"column":135}},"line":13},"8":{"name":"(anonymous_8)","decl":{"start":{"line":15,"column":11},"end":{"line":15,"column":12}},"loc":{"start":{"line":15,"column":27},"end":{"line":15,"column":144}},"line":15},"9":{"name":"(anonymous_9)","decl":{"start":{"line":15,"column":40},"end":{"line":15,"column":41}},"loc":{"start":{"line":15,"column":64},"end":{"line":15,"column":142}},"line":15},"10":{"name":"(anonymous_10)","decl":{"start":{"line":15,"column":79},"end":{"line":15,"column":80}},"loc":{"start":{"line":15,"column":99},"end":{"line":15,"column":134}},"line":15},"11":{"name":"(anonymous_11)","decl":{"start":{"line":17,"column":23},"end":{"line":17,"column":24}},"loc":{"start":{"line":17,"column":33},"end":{"line":19,"column":19}},"line":17},"12":{"name":"(anonymous_12)","decl":{"start":{"line":17,"column":33},"end":{"line":17,"column":34}},"loc":{"start":{"line":17,"column":43},"end":{"line":19,"column":18}},"line":17},"13":{"name":"(anonymous_13)","decl":{"start":{"line":20,"column":11},"end":{"line":20,"column":12}},"loc":{"start":{"line":20,"column":21},"end":{"line":25,"column":2}},"line":20},"14":{"name":"(anonymous_14)","decl":{"start":{"line":20,"column":21},"end":{"line":20,"column":22}},"loc":{"start":{"line":20,"column":28},"end":{"line":25,"column":2}},"line":20},"15":{"name":"(anonymous_15)","decl":{"start":{"line":20,"column":41},"end":{"line":20,"column":42}},"loc":{"start":{"line":20,"column":55},"end":{"line":25,"column":1}},"line":20},"16":{"name":"(anonymous_16)","decl":{"start":{"line":27,"column":13},"end":{"line":27,"column":14}},"loc":{"start":{"line":27,"column":29},"end":{"line":30,"column":2}},"line":27},"17":{"name":"(anonymous_17)","decl":{"start":{"line":27,"column":29},"end":{"line":27,"column":30}},"loc":{"start":{"line":27,"column":39},"end":{"line":30,"column":2}},"line":27},"18":{"name":"(anonymous_18)","decl":{"start":{"line":27,"column":39},"end":{"line":27,"column":40}},"loc":{"start":{"line":27,"column":49},"end":{"line":30,"column":2}},"line":27},"19":{"name":"(anonymous_19)","decl":{"start":{"line":27,"column":62},"end":{"line":27,"column":63}},"loc":{"start":{"line":27,"column":85},"end":{"line":30,"column":1}},"line":27},"20":{"name":"(anonymous_20)","decl":{"start":{"line":29,"column":61},"end":{"line":29,"column":62}},"loc":{"start":{"line":29,"column":66},"end":{"line":29,"column":73}},"line":29},"21":{"name":"(anonymous_21)","decl":{"start":{"line":32,"column":21},"end":{"line":32,"column":22}},"loc":{"start":{"line":32,"column":35},"end":{"line":32,"column":59}},"line":32},"22":{"name":"(anonymous_22)","decl":{"start":{"line":34,"column":21},"end":{"line":34,"column":22}},"loc":{"start":{"line":34,"column":32},"end":{"line":40,"column":1}},"line":34},"23":{"name":"(anonymous_23)","decl":{"start":{"line":36,"column":12},"end":{"line":36,"column":13}},"loc":{"start":{"line":36,"column":27},"end":{"line":36,"column":47}},"line":36},"24":{"name":"(anonymous_24)","decl":{"start":{"line":37,"column":13},"end":{"line":37,"column":14}},"loc":{"start":{"line":37,"column":28},"end":{"line":37,"column":49}},"line":37},"25":{"name":"(anonymous_25)","decl":{"start":{"line":38,"column":16},"end":{"line":38,"column":17}},"loc":{"start":{"line":38,"column":30},"end":{"line":38,"column":45}},"line":38},"26":{"name":"(anonymous_26)","decl":{"start":{"line":41,"column":18},"end":{"line":41,"column":19}},"loc":{"start":{"line":41,"column":31},"end":{"line":41,"column":68}},"line":41},"27":{"name":"(anonymous_27)","decl":{"start":{"line":43,"column":20},"end":{"line":43,"column":21}},"loc":{"start":{"line":43,"column":35},"end":{"line":43,"column":76}},"line":43},"28":{"name":"(anonymous_28)","decl":{"start":{"line":45,"column":17},"end":{"line":45,"column":18}},"loc":{"start":{"line":45,"column":29},"end":{"line":45,"column":64}},"line":45},"29":{"name":"(anonymous_29)","decl":{"start":{"line":47,"column":21},"end":{"line":47,"column":22}},"loc":{"start":{"line":47,"column":33},"end":{"line":47,"column":101}},"line":47},"30":{"name":"(anonymous_30)","decl":{"start":{"line":47,"column":77},"end":{"line":47,"column":78}},"loc":{"start":{"line":47,"column":82},"end":{"line":47,"column":98}},"line":47},"31":{"name":"(anonymous_31)","decl":{"start":{"line":49,"column":19},"end":{"line":49,"column":20}},"loc":{"start":{"line":49,"column":30},"end":{"line":56,"column":1}},"line":49},"32":{"name":"(anonymous_32)","decl":{"start":{"line":49,"column":30},"end":{"line":49,"column":31}},"loc":{"start":{"line":49,"column":40},"end":{"line":56,"column":1}},"line":49},"33":{"name":"(anonymous_33)","decl":{"start":{"line":53,"column":19},"end":{"line":53,"column":20}},"loc":{"start":{"line":53,"column":33},"end":{"line":53,"column":61}},"line":53},"34":{"name":"(anonymous_34)","decl":{"start":{"line":54,"column":19},"end":{"line":54,"column":20}},"loc":{"start":{"line":54,"column":31},"end":{"line":54,"column":73}},"line":54},"35":{"name":"(anonymous_35)","decl":{"start":{"line":54,"column":31},"end":{"line":54,"column":32}},"loc":{"start":{"line":54,"column":45},"end":{"line":54,"column":73}},"line":54}},"branchMap":{"0":{"loc":{"start":{"line":13,"column":100},"end":{"line":13,"column":135}},"type":"binary-expr","locations":[{"start":{"line":13,"column":100},"end":{"line":13,"column":106}},{"start":{"line":13,"column":110},"end":{"line":13,"column":135}}],"line":13},"1":{"loc":{"start":{"line":15,"column":99},"end":{"line":15,"column":134}},"type":"binary-expr","locations":[{"start":{"line":15,"column":99},"end":{"line":15,"column":105}},{"start":{"line":15,"column":109},"end":{"line":15,"column":134}}],"line":15},"2":{"loc":{"start":{"line":17,"column":43},"end":{"line":19,"column":18}},"type":"cond-expr","locations":[{"start":{"line":18,"column":7},"end":{"line":18,"column":37}},{"start":{"line":19,"column":6},"end":{"line":19,"column":18}}],"line":17},"3":{"loc":{"start":{"line":18,"column":7},"end":{"line":18,"column":37}},"type":"cond-expr","locations":[{"start":{"line":18,"column":25},"end":{"line":18,"column":29}},{"start":{"line":18,"column":32},"end":{"line":18,"column":37}}],"line":18},"4":{"loc":{"start":{"line":22,"column":4},"end":{"line":23,"column":21}},"type":"if","locations":[{"start":{"line":22,"column":4},"end":{"line":23,"column":21}},{"start":{"line":22,"column":4},"end":{"line":23,"column":21}}],"line":22},"5":{"loc":{"start":{"line":28,"column":26},"end":{"line":28,"column":58}},"type":"binary-expr","locations":[{"start":{"line":28,"column":26},"end":{"line":28,"column":33}},{"start":{"line":28,"column":37},"end":{"line":28,"column":58}}],"line":28},"6":{"loc":{"start":{"line":29,"column":11},"end":{"line":29,"column":107}},"type":"cond-expr","locations":[{"start":{"line":29,"column":35},"end":{"line":29,"column":99}},{"start":{"line":29,"column":102},"end":{"line":29,"column":107}}],"line":29}},"s":{"0":3,"1":3,"2":3,"3":3,"4":4,"5":3,"6":3,"7":11,"8":3,"9":3,"10":8,"11":3,"12":3,"13":2,"14":2,"15":3,"16":3,"17":4,"18":4,"19":8,"20":3,"21":3,"22":3,"23":3,"24":7,"25":3,"26":3,"27":14,"28":14,"29":3,"30":13,"31":13,"32":14,"33":14,"34":0,"35":14,"36":3,"37":3,"38":6,"39":3,"40":3,"41":3,"42":3,"43":2,"44":3,"45":3,"46":0,"47":3,"48":3,"49":25,"50":0,"51":0,"52":0,"53":3,"54":1,"55":3,"56":3,"57":0,"58":3,"59":3,"60":0,"61":3,"62":3,"63":0,"64":0,"65":3,"66":3,"67":6,"68":3,"69":3,"70":1,"71":1,"72":1,"73":3,"74":3,"75":3,"76":3,"77":3},"f":{"0":4,"1":11,"2":8,"3":2,"4":2,"5":4,"6":4,"7":8,"8":3,"9":3,"10":7,"11":14,"12":14,"13":13,"14":13,"15":14,"16":6,"17":3,"18":3,"19":3,"20":2,"21":0,"22":25,"23":0,"24":0,"25":0,"26":1,"27":0,"28":0,"29":0,"30":0,"31":6,"32":3,"33":1,"34":1,"35":1},"b":{"0":[8,6],"1":[7,7],"2":[6,8],"3":[3,3],"4":[0,14],"5":[3,0],"6":[2,1]},"inputSourceMap":null,"_coverageSchema":"1a1c01bbd47fc00a2c39e90264f33305004495a9","hash":"e18bdebc4e3938e58f8b10f3c0471890a5674e76"}
,"/Users/eriksummerfield/dev/aspot/packages/aspot/lib/sentenceResult.js": {"path":"/Users/eriksummerfield/dev/aspot/packages/aspot/lib/sentenceResult.js","statementMap":{"0":{"start":{"line":2,"column":0},"end":{"line":2,"column":62}},"1":{"start":{"line":3,"column":0},"end":{"line":3,"column":251}},"2":{"start":{"line":4,"column":17},"end":{"line":4,"column":34}},"3":{"start":{"line":5,"column":15},"end":{"line":5,"column":32}},"4":{"start":{"line":6,"column":16},"end":{"line":6,"column":34}},"5":{"start":{"line":7,"column":29},"end":{"line":7,"column":130}},"6":{"start":{"line":7,"column":44},"end":{"line":7,"column":130}},"7":{"start":{"line":7,"column":57},"end":{"line":7,"column":129}},"8":{"start":{"line":7,"column":117},"end":{"line":7,"column":126}},"9":{"start":{"line":8,"column":0},"end":{"line":8,"column":52}},"10":{"start":{"line":9,"column":26},"end":{"line":9,"column":131}},"11":{"start":{"line":9,"column":39},"end":{"line":9,"column":130}},"12":{"start":{"line":9,"column":98},"end":{"line":9,"column":127}},"13":{"start":{"line":10,"column":0},"end":{"line":10,"column":46}},"14":{"start":{"line":11,"column":32},"end":{"line":13,"column":37}},"15":{"start":{"line":11,"column":49},"end":{"line":13,"column":37}},"16":{"start":{"line":11,"column":62},"end":{"line":13,"column":36}},"17":{"start":{"line":11,"column":127},"end":{"line":13,"column":33}},"18":{"start":{"line":12,"column":22},"end":{"line":12,"column":31}},"19":{"start":{"line":13,"column":18},"end":{"line":13,"column":32}},"20":{"start":{"line":14,"column":0},"end":{"line":14,"column":58}},"21":{"start":{"line":15,"column":31},"end":{"line":15,"column":197}},"22":{"start":{"line":15,"column":50},"end":{"line":15,"column":197}},"23":{"start":{"line":15,"column":63},"end":{"line":15,"column":196}},"24":{"start":{"line":15,"column":127},"end":{"line":15,"column":193}},"25":{"start":{"line":15,"column":155},"end":{"line":15,"column":192}},"26":{"start":{"line":16,"column":0},"end":{"line":16,"column":56}},"27":{"start":{"line":17,"column":30},"end":{"line":17,"column":143}},"28":{"start":{"line":17,"column":43},"end":{"line":17,"column":142}},"29":{"start":{"line":17,"column":106},"end":{"line":17,"column":139}},"30":{"start":{"line":18,"column":0},"end":{"line":18,"column":54}},"31":{"start":{"line":19,"column":31},"end":{"line":19,"column":146}},"32":{"start":{"line":19,"column":44},"end":{"line":19,"column":145}},"33":{"start":{"line":19,"column":108},"end":{"line":19,"column":142}},"34":{"start":{"line":20,"column":0},"end":{"line":20,"column":56}},"35":{"start":{"line":21,"column":25},"end":{"line":21,"column":158}},"36":{"start":{"line":21,"column":38},"end":{"line":21,"column":158}},"37":{"start":{"line":21,"column":51},"end":{"line":21,"column":157}},"38":{"start":{"line":21,"column":109},"end":{"line":21,"column":154}},"39":{"start":{"line":22,"column":0},"end":{"line":22,"column":44}},"40":{"start":{"line":23,"column":24},"end":{"line":23,"column":215}},"41":{"start":{"line":23,"column":34},"end":{"line":23,"column":215}},"42":{"start":{"line":23,"column":47},"end":{"line":23,"column":214}},"43":{"start":{"line":23,"column":108},"end":{"line":23,"column":211}},"44":{"start":{"line":23,"column":120},"end":{"line":23,"column":210}},"45":{"start":{"line":24,"column":0},"end":{"line":24,"column":42}},"46":{"start":{"line":25,"column":22},"end":{"line":25,"column":109}},"47":{"start":{"line":25,"column":35},"end":{"line":25,"column":108}},"48":{"start":{"line":26,"column":24},"end":{"line":26,"column":340}},"49":{"start":{"line":26,"column":35},"end":{"line":26,"column":340}},"50":{"start":{"line":26,"column":59},"end":{"line":26,"column":340}},"51":{"start":{"line":27,"column":0},"end":{"line":27,"column":34}}},"fnMap":{"0":{"name":"(anonymous_0)","decl":{"start":{"line":7,"column":29},"end":{"line":7,"column":30}},"loc":{"start":{"line":7,"column":44},"end":{"line":7,"column":130}},"line":7},"1":{"name":"(anonymous_1)","decl":{"start":{"line":7,"column":44},"end":{"line":7,"column":45}},"loc":{"start":{"line":7,"column":57},"end":{"line":7,"column":129}},"line":7},"2":{"name":"(anonymous_2)","decl":{"start":{"line":7,"column":111},"end":{"line":7,"column":112}},"loc":{"start":{"line":7,"column":117},"end":{"line":7,"column":126}},"line":7},"3":{"name":"(anonymous_3)","decl":{"start":{"line":9,"column":26},"end":{"line":9,"column":27}},"loc":{"start":{"line":9,"column":39},"end":{"line":9,"column":130}},"line":9},"4":{"name":"(anonymous_4)","decl":{"start":{"line":9,"column":92},"end":{"line":9,"column":93}},"loc":{"start":{"line":9,"column":98},"end":{"line":9,"column":127}},"line":9},"5":{"name":"(anonymous_5)","decl":{"start":{"line":11,"column":32},"end":{"line":11,"column":33}},"loc":{"start":{"line":11,"column":49},"end":{"line":13,"column":37}},"line":11},"6":{"name":"(anonymous_6)","decl":{"start":{"line":11,"column":49},"end":{"line":11,"column":50}},"loc":{"start":{"line":11,"column":62},"end":{"line":13,"column":36}},"line":11},"7":{"name":"(anonymous_7)","decl":{"start":{"line":11,"column":121},"end":{"line":11,"column":122}},"loc":{"start":{"line":11,"column":127},"end":{"line":13,"column":33}},"line":11},"8":{"name":"(anonymous_8)","decl":{"start":{"line":12,"column":17},"end":{"line":12,"column":18}},"loc":{"start":{"line":12,"column":22},"end":{"line":12,"column":31}},"line":12},"9":{"name":"(anonymous_9)","decl":{"start":{"line":13,"column":13},"end":{"line":13,"column":14}},"loc":{"start":{"line":13,"column":18},"end":{"line":13,"column":32}},"line":13},"10":{"name":"(anonymous_10)","decl":{"start":{"line":15,"column":31},"end":{"line":15,"column":32}},"loc":{"start":{"line":15,"column":50},"end":{"line":15,"column":197}},"line":15},"11":{"name":"(anonymous_11)","decl":{"start":{"line":15,"column":50},"end":{"line":15,"column":51}},"loc":{"start":{"line":15,"column":63},"end":{"line":15,"column":196}},"line":15},"12":{"name":"(anonymous_12)","decl":{"start":{"line":15,"column":121},"end":{"line":15,"column":122}},"loc":{"start":{"line":15,"column":127},"end":{"line":15,"column":193}},"line":15},"13":{"name":"(anonymous_13)","decl":{"start":{"line":15,"column":150},"end":{"line":15,"column":151}},"loc":{"start":{"line":15,"column":155},"end":{"line":15,"column":192}},"line":15},"14":{"name":"(anonymous_14)","decl":{"start":{"line":17,"column":30},"end":{"line":17,"column":31}},"loc":{"start":{"line":17,"column":43},"end":{"line":17,"column":142}},"line":17},"15":{"name":"(anonymous_15)","decl":{"start":{"line":17,"column":100},"end":{"line":17,"column":101}},"loc":{"start":{"line":17,"column":106},"end":{"line":17,"column":139}},"line":17},"16":{"name":"(anonymous_16)","decl":{"start":{"line":19,"column":31},"end":{"line":19,"column":32}},"loc":{"start":{"line":19,"column":44},"end":{"line":19,"column":145}},"line":19},"17":{"name":"(anonymous_17)","decl":{"start":{"line":19,"column":102},"end":{"line":19,"column":103}},"loc":{"start":{"line":19,"column":108},"end":{"line":19,"column":142}},"line":19},"18":{"name":"(anonymous_18)","decl":{"start":{"line":21,"column":25},"end":{"line":21,"column":26}},"loc":{"start":{"line":21,"column":38},"end":{"line":21,"column":158}},"line":21},"19":{"name":"(anonymous_19)","decl":{"start":{"line":21,"column":38},"end":{"line":21,"column":39}},"loc":{"start":{"line":21,"column":51},"end":{"line":21,"column":157}},"line":21},"20":{"name":"(anonymous_20)","decl":{"start":{"line":21,"column":103},"end":{"line":21,"column":104}},"loc":{"start":{"line":21,"column":109},"end":{"line":21,"column":154}},"line":21},"21":{"name":"(anonymous_21)","decl":{"start":{"line":23,"column":24},"end":{"line":23,"column":25}},"loc":{"start":{"line":23,"column":34},"end":{"line":23,"column":215}},"line":23},"22":{"name":"(anonymous_22)","decl":{"start":{"line":23,"column":34},"end":{"line":23,"column":35}},"loc":{"start":{"line":23,"column":47},"end":{"line":23,"column":214}},"line":23},"23":{"name":"(anonymous_23)","decl":{"start":{"line":23,"column":98},"end":{"line":23,"column":99}},"loc":{"start":{"line":23,"column":108},"end":{"line":23,"column":211}},"line":23},"24":{"name":"(anonymous_24)","decl":{"start":{"line":23,"column":108},"end":{"line":23,"column":109}},"loc":{"start":{"line":23,"column":120},"end":{"line":23,"column":210}},"line":23},"25":{"name":"(anonymous_25)","decl":{"start":{"line":25,"column":22},"end":{"line":25,"column":23}},"loc":{"start":{"line":25,"column":35},"end":{"line":25,"column":108}},"line":25},"26":{"name":"(anonymous_26)","decl":{"start":{"line":26,"column":24},"end":{"line":26,"column":25}},"loc":{"start":{"line":26,"column":35},"end":{"line":26,"column":340}},"line":26},"27":{"name":"(anonymous_27)","decl":{"start":{"line":26,"column":35},"end":{"line":26,"column":36}},"loc":{"start":{"line":26,"column":59},"end":{"line":26,"column":340}},"line":26}},"branchMap":{"0":{"loc":{"start":{"line":9,"column":98},"end":{"line":9,"column":127}},"type":"binary-expr","locations":[{"start":{"line":9,"column":98},"end":{"line":9,"column":119}},{"start":{"line":9,"column":123},"end":{"line":9,"column":127}}],"line":9},"1":{"loc":{"start":{"line":17,"column":106},"end":{"line":17,"column":139}},"type":"binary-expr","locations":[{"start":{"line":17,"column":106},"end":{"line":17,"column":131}},{"start":{"line":17,"column":135},"end":{"line":17,"column":139}}],"line":17},"2":{"loc":{"start":{"line":19,"column":108},"end":{"line":19,"column":142}},"type":"binary-expr","locations":[{"start":{"line":19,"column":108},"end":{"line":19,"column":134}},{"start":{"line":19,"column":138},"end":{"line":19,"column":142}}],"line":19},"3":{"loc":{"start":{"line":21,"column":109},"end":{"line":21,"column":154}},"type":"binary-expr","locations":[{"start":{"line":21,"column":109},"end":{"line":21,"column":116}},{"start":{"line":21,"column":120},"end":{"line":21,"column":154}}],"line":21}},"s":{"0":1,"1":1,"2":1,"3":1,"4":1,"5":1,"6":1,"7":1,"8":1,"9":1,"10":1,"11":2,"12":2,"13":1,"14":1,"15":2,"16":2,"17":2,"18":4,"19":3,"20":1,"21":1,"22":1,"23":1,"24":1,"25":2,"26":1,"27":1,"28":2,"29":2,"30":1,"31":1,"32":2,"33":2,"34":1,"35":1,"36":2,"37":2,"38":1,"39":1,"40":1,"41":2,"42":2,"43":2,"44":2,"45":1,"46":1,"47":0,"48":1,"49":0,"50":0,"51":1},"f":{"0":1,"1":1,"2":1,"3":2,"4":2,"5":2,"6":2,"7":2,"8":4,"9":3,"10":1,"11":1,"12":1,"13":2,"14":2,"15":2,"16":2,"17":2,"18":2,"19":2,"20":1,"21":2,"22":2,"23":2,"24":2,"25":0,"26":0,"27":0},"b":{"0":[2,1],"1":[2,1],"2":[2,1],"3":[1,0]},"inputSourceMap":null,"_coverageSchema":"1a1c01bbd47fc00a2c39e90264f33305004495a9","hash":"bf6858c51eb812e25482cd7b32b0b4fa8b9a85b6"}
,"/Users/eriksummerfield/dev/aspot/packages/aspot/lib/types.js": {"path":"/Users/eriksummerfield/dev/aspot/packages/aspot/lib/types.js","statementMap":{"0":{"start":{"line":2,"column":0},"end":{"line":2,"column":62}},"1":{"start":{"line":3,"column":0},"end":{"line":3,"column":45}},"2":{"start":{"line":5,"column":0},"end":{"line":9,"column":59}},"3":{"start":{"line":6,"column":4},"end":{"line":6,"column":36}},"4":{"start":{"line":7,"column":4},"end":{"line":7,"column":34}},"5":{"start":{"line":8,"column":4},"end":{"line":8,"column":40}},"6":{"start":{"line":12,"column":0},"end":{"line":18,"column":59}},"7":{"start":{"line":13,"column":4},"end":{"line":13,"column":29}},"8":{"start":{"line":14,"column":4},"end":{"line":14,"column":34}},"9":{"start":{"line":15,"column":4},"end":{"line":15,"column":42}},"10":{"start":{"line":16,"column":4},"end":{"line":16,"column":31}},"11":{"start":{"line":17,"column":4},"end":{"line":17,"column":39}}},"fnMap":{"0":{"name":"(anonymous_0)","decl":{"start":{"line":5,"column":1},"end":{"line":5,"column":2}},"loc":{"start":{"line":5,"column":21},"end":{"line":9,"column":1}},"line":5},"1":{"name":"(anonymous_1)","decl":{"start":{"line":12,"column":1},"end":{"line":12,"column":2}},"loc":{"start":{"line":12,"column":21},"end":{"line":18,"column":1}},"line":12}},"branchMap":{"0":{"loc":{"start":{"line":9,"column":14},"end":{"line":9,"column":57}},"type":"binary-expr","locations":[{"start":{"line":9,"column":14},"end":{"line":9,"column":30}},{"start":{"line":9,"column":35},"end":{"line":9,"column":56}}],"line":9},"1":{"loc":{"start":{"line":18,"column":14},"end":{"line":18,"column":57}},"type":"binary-expr","locations":[{"start":{"line":18,"column":14},"end":{"line":18,"column":30}},{"start":{"line":18,"column":35},"end":{"line":18,"column":56}}],"line":18}},"s":{"0":3,"1":3,"2":3,"3":3,"4":3,"5":3,"6":3,"7":3,"8":3,"9":3,"10":3,"11":3},"f":{"0":3,"1":3},"b":{"0":[3,3],"1":[3,3]},"inputSourceMap":null,"_coverageSchema":"1a1c01bbd47fc00a2c39e90264f33305004495a9","hash":"2b4d35e712b7f402afd44a8a2e9e23c2ba1a07d6"}
}
