{"/Users/eriksummerfield/dev/aspot/packages/aspot/lib/find.js": {"path":"/Users/eriksummerfield/dev/aspot/packages/aspot/lib/find.js","statementMap":{"0":{"start":{"line":2,"column":0},"end":{"line":2,"column":62}},"1":{"start":{"line":3,"column":0},"end":{"line":3,"column":173}},"2":{"start":{"line":4,"column":17},"end":{"line":4,"column":34}},"3":{"start":{"line":5,"column":16},"end":{"line":5,"column":34}},"4":{"start":{"line":6,"column":26},"end":{"line":6,"column":147}},"5":{"start":{"line":6,"column":36},"end":{"line":6,"column":147}},"6":{"start":{"line":6,"column":111},"end":{"line":6,"column":146}},"7":{"start":{"line":6,"column":128},"end":{"line":6,"column":145}},"8":{"start":{"line":7,"column":0},"end":{"line":7,"column":46}},"9":{"start":{"line":8,"column":22},"end":{"line":8,"column":187}},"10":{"start":{"line":8,"column":32},"end":{"line":8,"column":187}},"11":{"start":{"line":8,"column":107},"end":{"line":8,"column":186}},"12":{"start":{"line":9,"column":0},"end":{"line":9,"column":38}},"13":{"start":{"line":10,"column":17},"end":{"line":10,"column":121}},"14":{"start":{"line":10,"column":48},"end":{"line":10,"column":121}},"15":{"start":{"line":10,"column":58},"end":{"line":10,"column":121}},"16":{"start":{"line":10,"column":78},"end":{"line":10,"column":121}},"17":{"start":{"line":11,"column":23},"end":{"line":20,"column":1}},"18":{"start":{"line":11,"column":33},"end":{"line":20,"column":1}},"19":{"start":{"line":12,"column":4},"end":{"line":19,"column":11}},"20":{"start":{"line":13,"column":27},"end":{"line":13,"column":41}},"21":{"start":{"line":14,"column":8},"end":{"line":15,"column":36}},"22":{"start":{"line":15,"column":12},"end":{"line":15,"column":36}},"23":{"start":{"line":16,"column":8},"end":{"line":17,"column":46}},"24":{"start":{"line":17,"column":12},"end":{"line":17,"column":46}},"25":{"start":{"line":18,"column":8},"end":{"line":18,"column":22}},"26":{"start":{"line":21,"column":0},"end":{"line":21,"column":40}},"27":{"start":{"line":22,"column":28},"end":{"line":30,"column":1}},"28":{"start":{"line":22,"column":40},"end":{"line":30,"column":1}},"29":{"start":{"line":23,"column":4},"end":{"line":29,"column":11}},"30":{"start":{"line":24,"column":18},"end":{"line":24,"column":29}},"31":{"start":{"line":25,"column":8},"end":{"line":27,"column":9}},"32":{"start":{"line":26,"column":12},"end":{"line":26,"column":33}},"33":{"start":{"line":28,"column":8},"end":{"line":28,"column":17}},"34":{"start":{"line":31,"column":0},"end":{"line":31,"column":50}},"35":{"start":{"line":32,"column":25},"end":{"line":32,"column":79}},"36":{"start":{"line":32,"column":36},"end":{"line":32,"column":79}},"37":{"start":{"line":33,"column":0},"end":{"line":33,"column":44}},"38":{"start":{"line":34,"column":23},"end":{"line":36,"column":39}},"39":{"start":{"line":34,"column":41},"end":{"line":36,"column":38}},"40":{"start":{"line":35,"column":4},"end":{"line":35,"column":181}},"41":{"start":{"line":37,"column":30},"end":{"line":37,"column":202}},"42":{"start":{"line":37,"column":40},"end":{"line":37,"column":202}},"43":{"start":{"line":37,"column":55},"end":{"line":37,"column":202}},"44":{"start":{"line":37,"column":69},"end":{"line":37,"column":201}},"45":{"start":{"line":38,"column":0},"end":{"line":38,"column":54}}},"fnMap":{"0":{"name":"(anonymous_0)","decl":{"start":{"line":6,"column":26},"end":{"line":6,"column":27}},"loc":{"start":{"line":6,"column":36},"end":{"line":6,"column":147}},"line":6},"1":{"name":"(anonymous_1)","decl":{"start":{"line":6,"column":36},"end":{"line":6,"column":37}},"loc":{"start":{"line":6,"column":111},"end":{"line":6,"column":146}},"line":6},"2":{"name":"(anonymous_2)","decl":{"start":{"line":6,"column":123},"end":{"line":6,"column":124}},"loc":{"start":{"line":6,"column":128},"end":{"line":6,"column":145}},"line":6},"3":{"name":"(anonymous_3)","decl":{"start":{"line":8,"column":22},"end":{"line":8,"column":23}},"loc":{"start":{"line":8,"column":32},"end":{"line":8,"column":187}},"line":8},"4":{"name":"(anonymous_4)","decl":{"start":{"line":8,"column":32},"end":{"line":8,"column":33}},"loc":{"start":{"line":8,"column":107},"end":{"line":8,"column":186}},"line":8},"5":{"name":"(anonymous_5)","decl":{"start":{"line":10,"column":17},"end":{"line":10,"column":18}},"loc":{"start":{"line":10,"column":48},"end":{"line":10,"column":121}},"line":10},"6":{"name":"(anonymous_6)","decl":{"start":{"line":10,"column":48},"end":{"line":10,"column":49}},"loc":{"start":{"line":10,"column":58},"end":{"line":10,"column":121}},"line":10},"7":{"name":"(anonymous_7)","decl":{"start":{"line":10,"column":58},"end":{"line":10,"column":59}},"loc":{"start":{"line":10,"column":78},"end":{"line":10,"column":121}},"line":10},"8":{"name":"(anonymous_8)","decl":{"start":{"line":11,"column":23},"end":{"line":11,"column":24}},"loc":{"start":{"line":11,"column":33},"end":{"line":20,"column":1}},"line":11},"9":{"name":"(anonymous_9)","decl":{"start":{"line":11,"column":33},"end":{"line":11,"column":34}},"loc":{"start":{"line":11,"column":48},"end":{"line":20,"column":1}},"line":11},"10":{"name":"(anonymous_10)","decl":{"start":{"line":12,"column":28},"end":{"line":12,"column":29}},"loc":{"start":{"line":12,"column":50},"end":{"line":19,"column":5}},"line":12},"11":{"name":"(anonymous_11)","decl":{"start":{"line":22,"column":28},"end":{"line":22,"column":29}},"loc":{"start":{"line":22,"column":40},"end":{"line":30,"column":1}},"line":22},"12":{"name":"(anonymous_12)","decl":{"start":{"line":22,"column":40},"end":{"line":22,"column":41}},"loc":{"start":{"line":22,"column":60},"end":{"line":30,"column":1}},"line":22},"13":{"name":"(anonymous_13)","decl":{"start":{"line":23,"column":38},"end":{"line":23,"column":39}},"loc":{"start":{"line":23,"column":50},"end":{"line":29,"column":5}},"line":23},"14":{"name":"(anonymous_14)","decl":{"start":{"line":32,"column":25},"end":{"line":32,"column":26}},"loc":{"start":{"line":32,"column":36},"end":{"line":32,"column":79}},"line":32},"15":{"name":"(anonymous_15)","decl":{"start":{"line":34,"column":23},"end":{"line":34,"column":24}},"loc":{"start":{"line":34,"column":41},"end":{"line":36,"column":38}},"line":34},"16":{"name":"(anonymous_16)","decl":{"start":{"line":34,"column":57},"end":{"line":34,"column":58}},"loc":{"start":{"line":34,"column":78},"end":{"line":36,"column":1}},"line":34},"17":{"name":"(anonymous_17)","decl":{"start":{"line":37,"column":30},"end":{"line":37,"column":31}},"loc":{"start":{"line":37,"column":40},"end":{"line":37,"column":202}},"line":37},"18":{"name":"(anonymous_18)","decl":{"start":{"line":37,"column":40},"end":{"line":37,"column":41}},"loc":{"start":{"line":37,"column":55},"end":{"line":37,"column":202}},"line":37},"19":{"name":"(anonymous_19)","decl":{"start":{"line":37,"column":55},"end":{"line":37,"column":56}},"loc":{"start":{"line":37,"column":69},"end":{"line":37,"column":201}},"line":37}},"branchMap":{"0":{"loc":{"start":{"line":6,"column":37},"end":{"line":6,"column":59}},"type":"default-arg","locations":[{"start":{"line":6,"column":45},"end":{"line":6,"column":59}}],"line":6},"1":{"loc":{"start":{"line":6,"column":61},"end":{"line":6,"column":105}},"type":"default-arg","locations":[{"start":{"line":6,"column":71},"end":{"line":6,"column":105}}],"line":6},"2":{"loc":{"start":{"line":8,"column":33},"end":{"line":8,"column":55}},"type":"default-arg","locations":[{"start":{"line":8,"column":41},"end":{"line":8,"column":55}}],"line":8},"3":{"loc":{"start":{"line":8,"column":57},"end":{"line":8,"column":101}},"type":"default-arg","locations":[{"start":{"line":8,"column":67},"end":{"line":8,"column":101}}],"line":8},"4":{"loc":{"start":{"line":14,"column":8},"end":{"line":15,"column":36}},"type":"if","locations":[{"start":{"line":14,"column":8},"end":{"line":15,"column":36}},{"start":{"line":14,"column":8},"end":{"line":15,"column":36}}],"line":14},"5":{"loc":{"start":{"line":14,"column":12},"end":{"line":14,"column":45}},"type":"binary-expr","locations":[{"start":{"line":14,"column":12},"end":{"line":14,"column":22}},{"start":{"line":14,"column":26},"end":{"line":14,"column":45}}],"line":14},"6":{"loc":{"start":{"line":16,"column":8},"end":{"line":17,"column":46}},"type":"if","locations":[{"start":{"line":16,"column":8},"end":{"line":17,"column":46}},{"start":{"line":16,"column":8},"end":{"line":17,"column":46}}],"line":16},"7":{"loc":{"start":{"line":25,"column":8},"end":{"line":27,"column":9}},"type":"if","locations":[{"start":{"line":25,"column":8},"end":{"line":27,"column":9}},{"start":{"line":25,"column":8},"end":{"line":27,"column":9}}],"line":25},"8":{"loc":{"start":{"line":35,"column":11},"end":{"line":35,"column":180}},"type":"cond-expr","locations":[{"start":{"line":35,"column":21},"end":{"line":35,"column":171}},{"start":{"line":35,"column":174},"end":{"line":35,"column":180}}],"line":35}},"s":{"0":2,"1":2,"2":2,"3":2,"4":2,"5":2,"6":2,"7":4,"8":2,"9":2,"10":0,"11":0,"12":2,"13":2,"14":0,"15":0,"16":0,"17":2,"18":1,"19":1,"20":4,"21":4,"22":2,"23":4,"24":4,"25":4,"26":2,"27":2,"28":2,"29":2,"30":4,"31":4,"32":3,"33":4,"34":2,"35":2,"36":1,"37":2,"38":2,"39":0,"40":0,"41":2,"42":3,"43":3,"44":3,"45":2},"f":{"0":2,"1":2,"2":4,"3":0,"4":0,"5":0,"6":0,"7":0,"8":1,"9":1,"10":4,"11":2,"12":2,"13":4,"14":1,"15":0,"16":0,"17":3,"18":3,"19":3},"b":{"0":[0],"1":[0],"2":[0],"3":[0],"4":[2,2],"5":[4,4],"6":[4,0],"7":[3,1],"8":[0,0]},"inputSourceMap":null,"_coverageSchema":"1a1c01bbd47fc00a2c39e90264f33305004495a9","hash":"fe7cdfeca639eccd3c69cc2b3e345c208b9b578c"}
,"/Users/eriksummerfield/dev/aspot/packages/aspot/lib/match.js": {"path":"/Users/eriksummerfield/dev/aspot/packages/aspot/lib/match.js","statementMap":{"0":{"start":{"line":2,"column":0},"end":{"line":2,"column":62}},"1":{"start":{"line":3,"column":0},"end":{"line":3,"column":304}},"2":{"start":{"line":4,"column":16},"end":{"line":4,"column":34}},"3":{"start":{"line":5,"column":28},"end":{"line":5,"column":53}},"4":{"start":{"line":5,"column":35},"end":{"line":5,"column":52}},"5":{"start":{"line":6,"column":0},"end":{"line":6,"column":50}},"6":{"start":{"line":7,"column":15},"end":{"line":7,"column":25}},"7":{"start":{"line":7,"column":21},"end":{"line":7,"column":25}},"8":{"start":{"line":8,"column":0},"end":{"line":8,"column":24}},"9":{"start":{"line":9,"column":16},"end":{"line":9,"column":27}},"10":{"start":{"line":9,"column":22},"end":{"line":9,"column":27}},"11":{"start":{"line":10,"column":0},"end":{"line":10,"column":26}},"12":{"start":{"line":11,"column":12},"end":{"line":11,"column":87}},"13":{"start":{"line":11,"column":24},"end":{"line":11,"column":87}},"14":{"start":{"line":11,"column":60},"end":{"line":11,"column":86}},"15":{"start":{"line":12,"column":0},"end":{"line":12,"column":18}},"16":{"start":{"line":13,"column":12},"end":{"line":13,"column":144}},"17":{"start":{"line":13,"column":28},"end":{"line":13,"column":144}},"18":{"start":{"line":13,"column":65},"end":{"line":13,"column":142}},"19":{"start":{"line":13,"column":100},"end":{"line":13,"column":135}},"20":{"start":{"line":14,"column":0},"end":{"line":14,"column":18}},"21":{"start":{"line":15,"column":11},"end":{"line":15,"column":144}},"22":{"start":{"line":15,"column":27},"end":{"line":15,"column":144}},"23":{"start":{"line":15,"column":64},"end":{"line":15,"column":142}},"24":{"start":{"line":15,"column":99},"end":{"line":15,"column":134}},"25":{"start":{"line":16,"column":0},"end":{"line":16,"column":16}},"26":{"start":{"line":17,"column":23},"end":{"line":19,"column":19}},"27":{"start":{"line":17,"column":33},"end":{"line":19,"column":19}},"28":{"start":{"line":17,"column":43},"end":{"line":19,"column":18}},"29":{"start":{"line":20,"column":11},"end":{"line":25,"column":2}},"30":{"start":{"line":20,"column":21},"end":{"line":25,"column":2}},"31":{"start":{"line":20,"column":28},"end":{"line":25,"column":2}},"32":{"start":{"line":21,"column":20},"end":{"line":21,"column":34}},"33":{"start":{"line":22,"column":4},"end":{"line":23,"column":21}},"34":{"start":{"line":23,"column":8},"end":{"line":23,"column":21}},"35":{"start":{"line":24,"column":4},"end":{"line":24,"column":38}},"36":{"start":{"line":26,"column":0},"end":{"line":26,"column":16}},"37":{"start":{"line":27,"column":13},"end":{"line":30,"column":2}},"38":{"start":{"line":27,"column":29},"end":{"line":30,"column":2}},"39":{"start":{"line":27,"column":39},"end":{"line":30,"column":2}},"40":{"start":{"line":27,"column":49},"end":{"line":30,"column":2}},"41":{"start":{"line":28,"column":26},"end":{"line":28,"column":58}},"42":{"start":{"line":29,"column":4},"end":{"line":29,"column":108}},"43":{"start":{"line":29,"column":66},"end":{"line":29,"column":73}},"44":{"start":{"line":31,"column":0},"end":{"line":31,"column":20}},"45":{"start":{"line":32,"column":21},"end":{"line":32,"column":59}},"46":{"start":{"line":32,"column":35},"end":{"line":32,"column":59}},"47":{"start":{"line":33,"column":0},"end":{"line":33,"column":36}},"48":{"start":{"line":34,"column":21},"end":{"line":40,"column":1}},"49":{"start":{"line":35,"column":4},"end":{"line":39,"column":7}},"50":{"start":{"line":36,"column":27},"end":{"line":36,"column":47}},"51":{"start":{"line":37,"column":28},"end":{"line":37,"column":49}},"52":{"start":{"line":38,"column":30},"end":{"line":38,"column":45}},"53":{"start":{"line":41,"column":18},"end":{"line":41,"column":68}},"54":{"start":{"line":41,"column":31},"end":{"line":41,"column":68}},"55":{"start":{"line":42,"column":0},"end":{"line":42,"column":30}},"56":{"start":{"line":43,"column":20},"end":{"line":43,"column":76}},"57":{"start":{"line":43,"column":35},"end":{"line":43,"column":76}},"58":{"start":{"line":44,"column":0},"end":{"line":44,"column":34}},"59":{"start":{"line":45,"column":17},"end":{"line":45,"column":64}},"60":{"start":{"line":45,"column":29},"end":{"line":45,"column":64}},"61":{"start":{"line":46,"column":0},"end":{"line":46,"column":28}},"62":{"start":{"line":47,"column":21},"end":{"line":47,"column":101}},"63":{"start":{"line":47,"column":33},"end":{"line":47,"column":101}},"64":{"start":{"line":47,"column":82},"end":{"line":47,"column":98}},"65":{"start":{"line":48,"column":0},"end":{"line":48,"column":36}},"66":{"start":{"line":49,"column":19},"end":{"line":56,"column":1}},"67":{"start":{"line":49,"column":30},"end":{"line":56,"column":1}},"68":{"start":{"line":50,"column":25},"end":{"line":50,"column":30}},"69":{"start":{"line":51,"column":4},"end":{"line":55,"column":6}},"70":{"start":{"line":53,"column":33},"end":{"line":53,"column":61}},"71":{"start":{"line":54,"column":31},"end":{"line":54,"column":73}},"72":{"start":{"line":54,"column":45},"end":{"line":54,"column":73}},"73":{"start":{"line":57,"column":0},"end":{"line":57,"column":32}},"74":{"start":{"line":58,"column":14},"end":{"line":58,"column":38}},"75":{"start":{"line":59,"column":0},"end":{"line":59,"column":22}},"76":{"start":{"line":60,"column":17},"end":{"line":60,"column":29}},"77":{"start":{"line":61,"column":0},"end":{"line":61,"column":28}}},"fnMap":{"0":{"name":"(anonymous_0)","decl":{"start":{"line":5,"column":28},"end":{"line":5,"column":29}},"loc":{"start":{"line":5,"column":35},"end":{"line":5,"column":52}},"line":5},"1":{"name":"(anonymous_1)","decl":{"start":{"line":7,"column":15},"end":{"line":7,"column":16}},"loc":{"start":{"line":7,"column":21},"end":{"line":7,"column":25}},"line":7},"2":{"name":"(anonymous_2)","decl":{"start":{"line":9,"column":16},"end":{"line":9,"column":17}},"loc":{"start":{"line":9,"column":22},"end":{"line":9,"column":27}},"line":9},"3":{"name":"(anonymous_3)","decl":{"start":{"line":11,"column":12},"end":{"line":11,"column":13}},"loc":{"start":{"line":11,"column":24},"end":{"line":11,"column":87}},"line":11},"4":{"name":"(anonymous_4)","decl":{"start":{"line":11,"column":37},"end":{"line":11,"column":38}},"loc":{"start":{"line":11,"column":60},"end":{"line":11,"column":86}},"line":11},"5":{"name":"(anonymous_5)","decl":{"start":{"line":13,"column":12},"end":{"line":13,"column":13}},"loc":{"start":{"line":13,"column":28},"end":{"line":13,"column":144}},"line":13},"6":{"name":"(anonymous_6)","decl":{"start":{"line":13,"column":41},"end":{"line":13,"column":42}},"loc":{"start":{"line":13,"column":65},"end":{"line":13,"column":142}},"line":13},"7":{"name":"(anonymous_7)","decl":{"start":{"line":13,"column":80},"end":{"line":13,"column":81}},"loc":{"start":{"line":13,"column":100},"end":{"line":13,"column":135}},"line":13},"8":{"name":"(anonymous_8)","decl":{"start":{"line":15,"column":11},"end":{"line":15,"column":12}},"loc":{"start":{"line":15,"column":27},"end":{"line":15,"column":144}},"line":15},"9":{"name":"(anonymous_9)","decl":{"start":{"line":15,"column":40},"end":{"line":15,"column":41}},"loc":{"start":{"line":15,"column":64},"end":{"line":15,"column":142}},"line":15},"10":{"name":"(anonymous_10)","decl":{"start":{"line":15,"column":79},"end":{"line":15,"column":80}},"loc":{"start":{"line":15,"column":99},"end":{"line":15,"column":134}},"line":15},"11":{"name":"(anonymous_11)","decl":{"start":{"line":17,"column":23},"end":{"line":17,"column":24}},"loc":{"start":{"line":17,"column":33},"end":{"line":19,"column":19}},"line":17},"12":{"name":"(anonymous_12)","decl":{"start":{"line":17,"column":33},"end":{"line":17,"column":34}},"loc":{"start":{"line":17,"column":43},"end":{"line":19,"column":18}},"line":17},"13":{"name":"(anonymous_13)","decl":{"start":{"line":20,"column":11},"end":{"line":20,"column":12}},"loc":{"start":{"line":20,"column":21},"end":{"line":25,"column":2}},"line":20},"14":{"name":"(anonymous_14)","decl":{"start":{"line":20,"column":21},"end":{"line":20,"column":22}},"loc":{"start":{"line":20,"column":28},"end":{"line":25,"column":2}},"line":20},"15":{"name":"(anonymous_15)","decl":{"start":{"line":20,"column":41},"end":{"line":20,"column":42}},"loc":{"start":{"line":20,"column":55},"end":{"line":25,"column":1}},"line":20},"16":{"name":"(anonymous_16)","decl":{"start":{"line":27,"column":13},"end":{"line":27,"column":14}},"loc":{"start":{"line":27,"column":29},"end":{"line":30,"column":2}},"line":27},"17":{"name":"(anonymous_17)","decl":{"start":{"line":27,"column":29},"end":{"line":27,"column":30}},"loc":{"start":{"line":27,"column":39},"end":{"line":30,"column":2}},"line":27},"18":{"name":"(anonymous_18)","decl":{"start":{"line":27,"column":39},"end":{"line":27,"column":40}},"loc":{"start":{"line":27,"column":49},"end":{"line":30,"column":2}},"line":27},"19":{"name":"(anonymous_19)","decl":{"start":{"line":27,"column":62},"end":{"line":27,"column":63}},"loc":{"start":{"line":27,"column":85},"end":{"line":30,"column":1}},"line":27},"20":{"name":"(anonymous_20)","decl":{"start":{"line":29,"column":61},"end":{"line":29,"column":62}},"loc":{"start":{"line":29,"column":66},"end":{"line":29,"column":73}},"line":29},"21":{"name":"(anonymous_21)","decl":{"start":{"line":32,"column":21},"end":{"line":32,"column":22}},"loc":{"start":{"line":32,"column":35},"end":{"line":32,"column":59}},"line":32},"22":{"name":"(anonymous_22)","decl":{"start":{"line":34,"column":21},"end":{"line":34,"column":22}},"loc":{"start":{"line":34,"column":32},"end":{"line":40,"column":1}},"line":34},"23":{"name":"(anonymous_23)","decl":{"start":{"line":36,"column":12},"end":{"line":36,"column":13}},"loc":{"start":{"line":36,"column":27},"end":{"line":36,"column":47}},"line":36},"24":{"name":"(anonymous_24)","decl":{"start":{"line":37,"column":13},"end":{"line":37,"column":14}},"loc":{"start":{"line":37,"column":28},"end":{"line":37,"column":49}},"line":37},"25":{"name":"(anonymous_25)","decl":{"start":{"line":38,"column":16},"end":{"line":38,"column":17}},"loc":{"start":{"line":38,"column":30},"end":{"line":38,"column":45}},"line":38},"26":{"name":"(anonymous_26)","decl":{"start":{"line":41,"column":18},"end":{"line":41,"column":19}},"loc":{"start":{"line":41,"column":31},"end":{"line":41,"column":68}},"line":41},"27":{"name":"(anonymous_27)","decl":{"start":{"line":43,"column":20},"end":{"line":43,"column":21}},"loc":{"start":{"line":43,"column":35},"end":{"line":43,"column":76}},"line":43},"28":{"name":"(anonymous_28)","decl":{"start":{"line":45,"column":17},"end":{"line":45,"column":18}},"loc":{"start":{"line":45,"column":29},"end":{"line":45,"column":64}},"line":45},"29":{"name":"(anonymous_29)","decl":{"start":{"line":47,"column":21},"end":{"line":47,"column":22}},"loc":{"start":{"line":47,"column":33},"end":{"line":47,"column":101}},"line":47},"30":{"name":"(anonymous_30)","decl":{"start":{"line":47,"column":77},"end":{"line":47,"column":78}},"loc":{"start":{"line":47,"column":82},"end":{"line":47,"column":98}},"line":47},"31":{"name":"(anonymous_31)","decl":{"start":{"line":49,"column":19},"end":{"line":49,"column":20}},"loc":{"start":{"line":49,"column":30},"end":{"line":56,"column":1}},"line":49},"32":{"name":"(anonymous_32)","decl":{"start":{"line":49,"column":30},"end":{"line":49,"column":31}},"loc":{"start":{"line":49,"column":40},"end":{"line":56,"column":1}},"line":49},"33":{"name":"(anonymous_33)","decl":{"start":{"line":53,"column":19},"end":{"line":53,"column":20}},"loc":{"start":{"line":53,"column":33},"end":{"line":53,"column":61}},"line":53},"34":{"name":"(anonymous_34)","decl":{"start":{"line":54,"column":19},"end":{"line":54,"column":20}},"loc":{"start":{"line":54,"column":31},"end":{"line":54,"column":73}},"line":54},"35":{"name":"(anonymous_35)","decl":{"start":{"line":54,"column":31},"end":{"line":54,"column":32}},"loc":{"start":{"line":54,"column":45},"end":{"line":54,"column":73}},"line":54}},"branchMap":{"0":{"loc":{"start":{"line":13,"column":100},"end":{"line":13,"column":135}},"type":"binary-expr","locations":[{"start":{"line":13,"column":100},"end":{"line":13,"column":106}},{"start":{"line":13,"column":110},"end":{"line":13,"column":135}}],"line":13},"1":{"loc":{"start":{"line":15,"column":99},"end":{"line":15,"column":134}},"type":"binary-expr","locations":[{"start":{"line":15,"column":99},"end":{"line":15,"column":105}},{"start":{"line":15,"column":109},"end":{"line":15,"column":134}}],"line":15},"2":{"loc":{"start":{"line":17,"column":43},"end":{"line":19,"column":18}},"type":"cond-expr","locations":[{"start":{"line":18,"column":7},"end":{"line":18,"column":37}},{"start":{"line":19,"column":6},"end":{"line":19,"column":18}}],"line":17},"3":{"loc":{"start":{"line":18,"column":7},"end":{"line":18,"column":37}},"type":"cond-expr","locations":[{"start":{"line":18,"column":25},"end":{"line":18,"column":29}},{"start":{"line":18,"column":32},"end":{"line":18,"column":37}}],"line":18},"4":{"loc":{"start":{"line":22,"column":4},"end":{"line":23,"column":21}},"type":"if","locations":[{"start":{"line":22,"column":4},"end":{"line":23,"column":21}},{"start":{"line":22,"column":4},"end":{"line":23,"column":21}}],"line":22},"5":{"loc":{"start":{"line":28,"column":26},"end":{"line":28,"column":58}},"type":"binary-expr","locations":[{"start":{"line":28,"column":26},"end":{"line":28,"column":33}},{"start":{"line":28,"column":37},"end":{"line":28,"column":58}}],"line":28},"6":{"loc":{"start":{"line":29,"column":11},"end":{"line":29,"column":107}},"type":"cond-expr","locations":[{"start":{"line":29,"column":35},"end":{"line":29,"column":99}},{"start":{"line":29,"column":102},"end":{"line":29,"column":107}}],"line":29}},"s":{"0":3,"1":3,"2":3,"3":3,"4":18,"5":3,"6":3,"7":11,"8":3,"9":3,"10":8,"11":3,"12":3,"13":2,"14":2,"15":3,"16":3,"17":4,"18":4,"19":8,"20":3,"21":3,"22":3,"23":3,"24":7,"25":3,"26":3,"27":14,"28":14,"29":3,"30":13,"31":13,"32":14,"33":14,"34":0,"35":14,"36":3,"37":3,"38":6,"39":3,"40":3,"41":3,"42":3,"43":2,"44":3,"45":3,"46":0,"47":3,"48":3,"49":25,"50":0,"51":0,"52":0,"53":3,"54":1,"55":3,"56":3,"57":0,"58":3,"59":3,"60":0,"61":3,"62":3,"63":0,"64":0,"65":3,"66":3,"67":6,"68":3,"69":3,"70":1,"71":1,"72":1,"73":3,"74":3,"75":3,"76":3,"77":3},"f":{"0":18,"1":11,"2":8,"3":2,"4":2,"5":4,"6":4,"7":8,"8":3,"9":3,"10":7,"11":14,"12":14,"13":13,"14":13,"15":14,"16":6,"17":3,"18":3,"19":3,"20":2,"21":0,"22":25,"23":0,"24":0,"25":0,"26":1,"27":0,"28":0,"29":0,"30":0,"31":6,"32":3,"33":1,"34":1,"35":1},"b":{"0":[8,6],"1":[7,7],"2":[6,8],"3":[3,3],"4":[0,14],"5":[3,0],"6":[2,1]},"inputSourceMap":null,"_coverageSchema":"1a1c01bbd47fc00a2c39e90264f33305004495a9","hash":"e18bdebc4e3938e58f8b10f3c0471890a5674e76"}
,"/Users/eriksummerfield/dev/aspot/packages/aspot/lib/result.js": {"path":"/Users/eriksummerfield/dev/aspot/packages/aspot/lib/result.js","statementMap":{"0":{"start":{"line":2,"column":13},"end":{"line":12,"column":1}},"1":{"start":{"line":3,"column":12},"end":{"line":3,"column":14}},"2":{"start":{"line":4,"column":4},"end":{"line":5,"column":20}},"3":{"start":{"line":4,"column":21},"end":{"line":5,"column":20}},"4":{"start":{"line":5,"column":8},"end":{"line":5,"column":20}},"5":{"start":{"line":6,"column":4},"end":{"line":10,"column":9}},"6":{"start":{"line":7,"column":8},"end":{"line":10,"column":9}},"7":{"start":{"line":7,"column":21},"end":{"line":7,"column":22}},"8":{"start":{"line":7,"column":28},"end":{"line":7,"column":59}},"9":{"start":{"line":8,"column":12},"end":{"line":9,"column":34}},"10":{"start":{"line":9,"column":16},"end":{"line":9,"column":34}},"11":{"start":{"line":11,"column":4},"end":{"line":11,"column":13}},"12":{"start":{"line":13,"column":0},"end":{"line":13,"column":62}},"13":{"start":{"line":14,"column":0},"end":{"line":14,"column":470}},"14":{"start":{"line":15,"column":17},"end":{"line":15,"column":34}},"15":{"start":{"line":16,"column":15},"end":{"line":16,"column":32}},"16":{"start":{"line":17,"column":16},"end":{"line":17,"column":34}},"17":{"start":{"line":18,"column":29},"end":{"line":18,"column":130}},"18":{"start":{"line":18,"column":44},"end":{"line":18,"column":130}},"19":{"start":{"line":18,"column":57},"end":{"line":18,"column":129}},"20":{"start":{"line":18,"column":117},"end":{"line":18,"column":126}},"21":{"start":{"line":19,"column":0},"end":{"line":19,"column":52}},"22":{"start":{"line":20,"column":26},"end":{"line":20,"column":131}},"23":{"start":{"line":20,"column":39},"end":{"line":20,"column":130}},"24":{"start":{"line":20,"column":98},"end":{"line":20,"column":127}},"25":{"start":{"line":21,"column":0},"end":{"line":21,"column":46}},"26":{"start":{"line":22,"column":32},"end":{"line":24,"column":37}},"27":{"start":{"line":22,"column":49},"end":{"line":24,"column":37}},"28":{"start":{"line":22,"column":62},"end":{"line":24,"column":36}},"29":{"start":{"line":22,"column":127},"end":{"line":24,"column":33}},"30":{"start":{"line":23,"column":22},"end":{"line":23,"column":31}},"31":{"start":{"line":24,"column":18},"end":{"line":24,"column":32}},"32":{"start":{"line":25,"column":0},"end":{"line":25,"column":58}},"33":{"start":{"line":26,"column":31},"end":{"line":26,"column":197}},"34":{"start":{"line":26,"column":50},"end":{"line":26,"column":197}},"35":{"start":{"line":26,"column":63},"end":{"line":26,"column":196}},"36":{"start":{"line":26,"column":127},"end":{"line":26,"column":193}},"37":{"start":{"line":26,"column":155},"end":{"line":26,"column":192}},"38":{"start":{"line":27,"column":0},"end":{"line":27,"column":56}},"39":{"start":{"line":28,"column":30},"end":{"line":28,"column":143}},"40":{"start":{"line":28,"column":43},"end":{"line":28,"column":142}},"41":{"start":{"line":28,"column":106},"end":{"line":28,"column":139}},"42":{"start":{"line":29,"column":0},"end":{"line":29,"column":54}},"43":{"start":{"line":30,"column":31},"end":{"line":30,"column":146}},"44":{"start":{"line":30,"column":44},"end":{"line":30,"column":145}},"45":{"start":{"line":30,"column":108},"end":{"line":30,"column":142}},"46":{"start":{"line":31,"column":0},"end":{"line":31,"column":56}},"47":{"start":{"line":32,"column":25},"end":{"line":32,"column":158}},"48":{"start":{"line":32,"column":38},"end":{"line":32,"column":158}},"49":{"start":{"line":32,"column":51},"end":{"line":32,"column":157}},"50":{"start":{"line":32,"column":109},"end":{"line":32,"column":154}},"51":{"start":{"line":33,"column":0},"end":{"line":33,"column":44}},"52":{"start":{"line":34,"column":24},"end":{"line":34,"column":215}},"53":{"start":{"line":34,"column":34},"end":{"line":34,"column":215}},"54":{"start":{"line":34,"column":47},"end":{"line":34,"column":214}},"55":{"start":{"line":34,"column":108},"end":{"line":34,"column":211}},"56":{"start":{"line":34,"column":120},"end":{"line":34,"column":210}},"57":{"start":{"line":35,"column":0},"end":{"line":35,"column":42}},"58":{"start":{"line":36,"column":22},"end":{"line":36,"column":109}},"59":{"start":{"line":36,"column":35},"end":{"line":36,"column":108}},"60":{"start":{"line":37,"column":25},"end":{"line":37,"column":164}},"61":{"start":{"line":37,"column":36},"end":{"line":37,"column":164}},"62":{"start":{"line":37,"column":49},"end":{"line":37,"column":163}},"63":{"start":{"line":37,"column":111},"end":{"line":37,"column":160}},"64":{"start":{"line":38,"column":0},"end":{"line":38,"column":44}},"65":{"start":{"line":39,"column":22},"end":{"line":39,"column":108}},"66":{"start":{"line":39,"column":32},"end":{"line":39,"column":108}},"67":{"start":{"line":39,"column":45},"end":{"line":39,"column":107}},"68":{"start":{"line":39,"column":100},"end":{"line":39,"column":104}},"69":{"start":{"line":40,"column":0},"end":{"line":40,"column":38}},"70":{"start":{"line":41,"column":34},"end":{"line":41,"column":205}},"71":{"start":{"line":41,"column":54},"end":{"line":41,"column":205}},"72":{"start":{"line":41,"column":67},"end":{"line":41,"column":204}},"73":{"start":{"line":41,"column":134},"end":{"line":41,"column":201}},"74":{"start":{"line":42,"column":0},"end":{"line":42,"column":62}},"75":{"start":{"line":43,"column":25},"end":{"line":43,"column":174}},"76":{"start":{"line":43,"column":46},"end":{"line":43,"column":174}},"77":{"start":{"line":43,"column":59},"end":{"line":43,"column":173}},"78":{"start":{"line":43,"column":117},"end":{"line":43,"column":170}},"79":{"start":{"line":44,"column":0},"end":{"line":44,"column":44}},"80":{"start":{"line":45,"column":24},"end":{"line":48,"column":1}},"81":{"start":{"line":46,"column":31},"end":{"line":46,"column":37}},"82":{"start":{"line":46,"column":46},"end":{"line":46,"column":80}},"83":{"start":{"line":47,"column":4},"end":{"line":47,"column":78}},"84":{"start":{"line":49,"column":0},"end":{"line":49,"column":42}},"85":{"start":{"line":50,"column":25},"end":{"line":50,"column":135}},"86":{"start":{"line":50,"column":42},"end":{"line":50,"column":135}},"87":{"start":{"line":50,"column":54},"end":{"line":50,"column":135}},"88":{"start":{"line":51,"column":0},"end":{"line":51,"column":44}},"89":{"start":{"line":52,"column":24},"end":{"line":56,"column":1}},"90":{"start":{"line":52,"column":35},"end":{"line":56,"column":1}},"91":{"start":{"line":53,"column":67},"end":{"line":53,"column":72}},"92":{"start":{"line":54,"column":48},"end":{"line":54,"column":54}},"93":{"start":{"line":55,"column":4},"end":{"line":55,"column":193}},"94":{"start":{"line":55,"column":74},"end":{"line":55,"column":188}},"95":{"start":{"line":57,"column":0},"end":{"line":57,"column":42}}},"fnMap":{"0":{"name":"(anonymous_0)","decl":{"start":{"line":2,"column":38},"end":{"line":2,"column":39}},"loc":{"start":{"line":2,"column":54},"end":{"line":12,"column":1}},"line":2},"1":{"name":"(anonymous_1)","decl":{"start":{"line":18,"column":29},"end":{"line":18,"column":30}},"loc":{"start":{"line":18,"column":44},"end":{"line":18,"column":130}},"line":18},"2":{"name":"(anonymous_2)","decl":{"start":{"line":18,"column":44},"end":{"line":18,"column":45}},"loc":{"start":{"line":18,"column":57},"end":{"line":18,"column":129}},"line":18},"3":{"name":"(anonymous_3)","decl":{"start":{"line":18,"column":111},"end":{"line":18,"column":112}},"loc":{"start":{"line":18,"column":117},"end":{"line":18,"column":126}},"line":18},"4":{"name":"(anonymous_4)","decl":{"start":{"line":20,"column":26},"end":{"line":20,"column":27}},"loc":{"start":{"line":20,"column":39},"end":{"line":20,"column":130}},"line":20},"5":{"name":"(anonymous_5)","decl":{"start":{"line":20,"column":92},"end":{"line":20,"column":93}},"loc":{"start":{"line":20,"column":98},"end":{"line":20,"column":127}},"line":20},"6":{"name":"(anonymous_6)","decl":{"start":{"line":22,"column":32},"end":{"line":22,"column":33}},"loc":{"start":{"line":22,"column":49},"end":{"line":24,"column":37}},"line":22},"7":{"name":"(anonymous_7)","decl":{"start":{"line":22,"column":49},"end":{"line":22,"column":50}},"loc":{"start":{"line":22,"column":62},"end":{"line":24,"column":36}},"line":22},"8":{"name":"(anonymous_8)","decl":{"start":{"line":22,"column":121},"end":{"line":22,"column":122}},"loc":{"start":{"line":22,"column":127},"end":{"line":24,"column":33}},"line":22},"9":{"name":"(anonymous_9)","decl":{"start":{"line":23,"column":17},"end":{"line":23,"column":18}},"loc":{"start":{"line":23,"column":22},"end":{"line":23,"column":31}},"line":23},"10":{"name":"(anonymous_10)","decl":{"start":{"line":24,"column":13},"end":{"line":24,"column":14}},"loc":{"start":{"line":24,"column":18},"end":{"line":24,"column":32}},"line":24},"11":{"name":"(anonymous_11)","decl":{"start":{"line":26,"column":31},"end":{"line":26,"column":32}},"loc":{"start":{"line":26,"column":50},"end":{"line":26,"column":197}},"line":26},"12":{"name":"(anonymous_12)","decl":{"start":{"line":26,"column":50},"end":{"line":26,"column":51}},"loc":{"start":{"line":26,"column":63},"end":{"line":26,"column":196}},"line":26},"13":{"name":"(anonymous_13)","decl":{"start":{"line":26,"column":121},"end":{"line":26,"column":122}},"loc":{"start":{"line":26,"column":127},"end":{"line":26,"column":193}},"line":26},"14":{"name":"(anonymous_14)","decl":{"start":{"line":26,"column":150},"end":{"line":26,"column":151}},"loc":{"start":{"line":26,"column":155},"end":{"line":26,"column":192}},"line":26},"15":{"name":"(anonymous_15)","decl":{"start":{"line":28,"column":30},"end":{"line":28,"column":31}},"loc":{"start":{"line":28,"column":43},"end":{"line":28,"column":142}},"line":28},"16":{"name":"(anonymous_16)","decl":{"start":{"line":28,"column":100},"end":{"line":28,"column":101}},"loc":{"start":{"line":28,"column":106},"end":{"line":28,"column":139}},"line":28},"17":{"name":"(anonymous_17)","decl":{"start":{"line":30,"column":31},"end":{"line":30,"column":32}},"loc":{"start":{"line":30,"column":44},"end":{"line":30,"column":145}},"line":30},"18":{"name":"(anonymous_18)","decl":{"start":{"line":30,"column":102},"end":{"line":30,"column":103}},"loc":{"start":{"line":30,"column":108},"end":{"line":30,"column":142}},"line":30},"19":{"name":"(anonymous_19)","decl":{"start":{"line":32,"column":25},"end":{"line":32,"column":26}},"loc":{"start":{"line":32,"column":38},"end":{"line":32,"column":158}},"line":32},"20":{"name":"(anonymous_20)","decl":{"start":{"line":32,"column":38},"end":{"line":32,"column":39}},"loc":{"start":{"line":32,"column":51},"end":{"line":32,"column":157}},"line":32},"21":{"name":"(anonymous_21)","decl":{"start":{"line":32,"column":103},"end":{"line":32,"column":104}},"loc":{"start":{"line":32,"column":109},"end":{"line":32,"column":154}},"line":32},"22":{"name":"(anonymous_22)","decl":{"start":{"line":34,"column":24},"end":{"line":34,"column":25}},"loc":{"start":{"line":34,"column":34},"end":{"line":34,"column":215}},"line":34},"23":{"name":"(anonymous_23)","decl":{"start":{"line":34,"column":34},"end":{"line":34,"column":35}},"loc":{"start":{"line":34,"column":47},"end":{"line":34,"column":214}},"line":34},"24":{"name":"(anonymous_24)","decl":{"start":{"line":34,"column":98},"end":{"line":34,"column":99}},"loc":{"start":{"line":34,"column":108},"end":{"line":34,"column":211}},"line":34},"25":{"name":"(anonymous_25)","decl":{"start":{"line":34,"column":108},"end":{"line":34,"column":109}},"loc":{"start":{"line":34,"column":120},"end":{"line":34,"column":210}},"line":34},"26":{"name":"(anonymous_26)","decl":{"start":{"line":36,"column":22},"end":{"line":36,"column":23}},"loc":{"start":{"line":36,"column":35},"end":{"line":36,"column":108}},"line":36},"27":{"name":"(anonymous_27)","decl":{"start":{"line":37,"column":25},"end":{"line":37,"column":26}},"loc":{"start":{"line":37,"column":36},"end":{"line":37,"column":164}},"line":37},"28":{"name":"(anonymous_28)","decl":{"start":{"line":37,"column":36},"end":{"line":37,"column":37}},"loc":{"start":{"line":37,"column":49},"end":{"line":37,"column":163}},"line":37},"29":{"name":"(anonymous_29)","decl":{"start":{"line":37,"column":101},"end":{"line":37,"column":102}},"loc":{"start":{"line":37,"column":111},"end":{"line":37,"column":160}},"line":37},"30":{"name":"(anonymous_30)","decl":{"start":{"line":39,"column":22},"end":{"line":39,"column":23}},"loc":{"start":{"line":39,"column":32},"end":{"line":39,"column":108}},"line":39},"31":{"name":"(anonymous_31)","decl":{"start":{"line":39,"column":32},"end":{"line":39,"column":33}},"loc":{"start":{"line":39,"column":45},"end":{"line":39,"column":107}},"line":39},"32":{"name":"(anonymous_32)","decl":{"start":{"line":39,"column":94},"end":{"line":39,"column":95}},"loc":{"start":{"line":39,"column":100},"end":{"line":39,"column":104}},"line":39},"33":{"name":"(anonymous_33)","decl":{"start":{"line":41,"column":34},"end":{"line":41,"column":35}},"loc":{"start":{"line":41,"column":54},"end":{"line":41,"column":205}},"line":41},"34":{"name":"(anonymous_34)","decl":{"start":{"line":41,"column":54},"end":{"line":41,"column":55}},"loc":{"start":{"line":41,"column":67},"end":{"line":41,"column":204}},"line":41},"35":{"name":"(anonymous_35)","decl":{"start":{"line":41,"column":128},"end":{"line":41,"column":129}},"loc":{"start":{"line":41,"column":134},"end":{"line":41,"column":201}},"line":41},"36":{"name":"(anonymous_36)","decl":{"start":{"line":43,"column":25},"end":{"line":43,"column":26}},"loc":{"start":{"line":43,"column":46},"end":{"line":43,"column":174}},"line":43},"37":{"name":"(anonymous_37)","decl":{"start":{"line":43,"column":46},"end":{"line":43,"column":47}},"loc":{"start":{"line":43,"column":59},"end":{"line":43,"column":173}},"line":43},"38":{"name":"(anonymous_38)","decl":{"start":{"line":43,"column":111},"end":{"line":43,"column":112}},"loc":{"start":{"line":43,"column":117},"end":{"line":43,"column":170}},"line":43},"39":{"name":"(anonymous_39)","decl":{"start":{"line":45,"column":24},"end":{"line":45,"column":25}},"loc":{"start":{"line":45,"column":36},"end":{"line":48,"column":1}},"line":45},"40":{"name":"(anonymous_40)","decl":{"start":{"line":50,"column":25},"end":{"line":50,"column":26}},"loc":{"start":{"line":50,"column":42},"end":{"line":50,"column":135}},"line":50},"41":{"name":"(anonymous_41)","decl":{"start":{"line":50,"column":42},"end":{"line":50,"column":43}},"loc":{"start":{"line":50,"column":54},"end":{"line":50,"column":135}},"line":50},"42":{"name":"(anonymous_42)","decl":{"start":{"line":52,"column":24},"end":{"line":52,"column":25}},"loc":{"start":{"line":52,"column":35},"end":{"line":56,"column":1}},"line":52},"43":{"name":"(anonymous_43)","decl":{"start":{"line":52,"column":35},"end":{"line":52,"column":36}},"loc":{"start":{"line":52,"column":47},"end":{"line":56,"column":1}},"line":52},"44":{"name":"(anonymous_44)","decl":{"start":{"line":55,"column":62},"end":{"line":55,"column":63}},"loc":{"start":{"line":55,"column":74},"end":{"line":55,"column":188}},"line":55}},"branchMap":{"0":{"loc":{"start":{"line":2,"column":13},"end":{"line":12,"column":1}},"type":"binary-expr","locations":[{"start":{"line":2,"column":14},"end":{"line":2,"column":18}},{"start":{"line":2,"column":22},"end":{"line":2,"column":33}},{"start":{"line":2,"column":38},"end":{"line":12,"column":1}}],"line":2},"1":{"loc":{"start":{"line":4,"column":21},"end":{"line":5,"column":20}},"type":"if","locations":[{"start":{"line":4,"column":21},"end":{"line":5,"column":20}},{"start":{"line":4,"column":21},"end":{"line":5,"column":20}}],"line":4},"2":{"loc":{"start":{"line":4,"column":25},"end":{"line":4,"column":87}},"type":"binary-expr","locations":[{"start":{"line":4,"column":25},"end":{"line":4,"column":67}},{"start":{"line":4,"column":71},"end":{"line":4,"column":87}}],"line":4},"3":{"loc":{"start":{"line":6,"column":4},"end":{"line":10,"column":9}},"type":"if","locations":[{"start":{"line":6,"column":4},"end":{"line":10,"column":9}},{"start":{"line":6,"column":4},"end":{"line":10,"column":9}}],"line":6},"4":{"loc":{"start":{"line":6,"column":8},"end":{"line":6,"column":71}},"type":"binary-expr","locations":[{"start":{"line":6,"column":8},"end":{"line":6,"column":17}},{"start":{"line":6,"column":21},"end":{"line":6,"column":71}}],"line":6},"5":{"loc":{"start":{"line":8,"column":12},"end":{"line":9,"column":34}},"type":"if","locations":[{"start":{"line":8,"column":12},"end":{"line":9,"column":34}},{"start":{"line":8,"column":12},"end":{"line":9,"column":34}}],"line":8},"6":{"loc":{"start":{"line":8,"column":16},"end":{"line":8,"column":90}},"type":"binary-expr","locations":[{"start":{"line":8,"column":16},"end":{"line":8,"column":35}},{"start":{"line":8,"column":39},"end":{"line":8,"column":90}}],"line":8},"7":{"loc":{"start":{"line":20,"column":98},"end":{"line":20,"column":127}},"type":"binary-expr","locations":[{"start":{"line":20,"column":98},"end":{"line":20,"column":119}},{"start":{"line":20,"column":123},"end":{"line":20,"column":127}}],"line":20},"8":{"loc":{"start":{"line":28,"column":106},"end":{"line":28,"column":139}},"type":"binary-expr","locations":[{"start":{"line":28,"column":106},"end":{"line":28,"column":131}},{"start":{"line":28,"column":135},"end":{"line":28,"column":139}}],"line":28},"9":{"loc":{"start":{"line":30,"column":108},"end":{"line":30,"column":142}},"type":"binary-expr","locations":[{"start":{"line":30,"column":108},"end":{"line":30,"column":134}},{"start":{"line":30,"column":138},"end":{"line":30,"column":142}}],"line":30},"10":{"loc":{"start":{"line":32,"column":109},"end":{"line":32,"column":154}},"type":"binary-expr","locations":[{"start":{"line":32,"column":109},"end":{"line":32,"column":116}},{"start":{"line":32,"column":120},"end":{"line":32,"column":154}}],"line":32}},"s":{"0":1,"1":1,"2":1,"3":1,"4":0,"5":1,"6":1,"7":1,"8":1,"9":0,"10":0,"11":1,"12":1,"13":1,"14":1,"15":1,"16":1,"17":1,"18":1,"19":1,"20":1,"21":1,"22":1,"23":2,"24":2,"25":1,"26":1,"27":2,"28":2,"29":2,"30":4,"31":3,"32":1,"33":1,"34":1,"35":1,"36":1,"37":2,"38":1,"39":1,"40":2,"41":2,"42":1,"43":1,"44":2,"45":2,"46":1,"47":1,"48":3,"49":3,"50":2,"51":1,"52":1,"53":2,"54":2,"55":2,"56":2,"57":1,"58":1,"59":0,"60":1,"61":1,"62":1,"63":1,"64":1,"65":1,"66":2,"67":2,"68":1,"69":1,"70":1,"71":1,"72":1,"73":1,"74":1,"75":1,"76":1,"77":1,"78":1,"79":1,"80":1,"81":1,"82":1,"83":1,"84":1,"85":1,"86":0,"87":0,"88":1,"89":1,"90":1,"91":1,"92":1,"93":1,"94":1,"95":1},"f":{"0":1,"1":1,"2":1,"3":1,"4":2,"5":2,"6":2,"7":2,"8":2,"9":4,"10":3,"11":1,"12":1,"13":1,"14":2,"15":2,"16":2,"17":2,"18":2,"19":3,"20":3,"21":2,"22":2,"23":2,"24":2,"25":2,"26":0,"27":1,"28":1,"29":1,"30":2,"31":2,"32":1,"33":1,"34":1,"35":1,"36":1,"37":1,"38":1,"39":1,"40":0,"41":0,"42":1,"43":1,"44":1},"b":{"0":[1,1,1],"1":[0,1],"2":[1,1],"3":[1,0],"4":[1,1],"5":[0,0],"6":[0,0],"7":[2,1],"8":[2,1],"9":[2,1],"10":[2,1]},"inputSourceMap":null,"_coverageSchema":"1a1c01bbd47fc00a2c39e90264f33305004495a9","hash":"58819db7e1585e899ad7f832132ed966fde82079"}
,"/Users/eriksummerfield/dev/aspot/packages/aspot/lib/types.js": {"path":"/Users/eriksummerfield/dev/aspot/packages/aspot/lib/types.js","statementMap":{"0":{"start":{"line":2,"column":0},"end":{"line":2,"column":62}},"1":{"start":{"line":3,"column":0},"end":{"line":3,"column":45}},"2":{"start":{"line":5,"column":0},"end":{"line":9,"column":59}},"3":{"start":{"line":6,"column":4},"end":{"line":6,"column":36}},"4":{"start":{"line":7,"column":4},"end":{"line":7,"column":34}},"5":{"start":{"line":8,"column":4},"end":{"line":8,"column":40}},"6":{"start":{"line":12,"column":0},"end":{"line":18,"column":59}},"7":{"start":{"line":13,"column":4},"end":{"line":13,"column":29}},"8":{"start":{"line":14,"column":4},"end":{"line":14,"column":34}},"9":{"start":{"line":15,"column":4},"end":{"line":15,"column":42}},"10":{"start":{"line":16,"column":4},"end":{"line":16,"column":31}},"11":{"start":{"line":17,"column":4},"end":{"line":17,"column":39}}},"fnMap":{"0":{"name":"(anonymous_0)","decl":{"start":{"line":5,"column":1},"end":{"line":5,"column":2}},"loc":{"start":{"line":5,"column":21},"end":{"line":9,"column":1}},"line":5},"1":{"name":"(anonymous_1)","decl":{"start":{"line":12,"column":1},"end":{"line":12,"column":2}},"loc":{"start":{"line":12,"column":21},"end":{"line":18,"column":1}},"line":12}},"branchMap":{"0":{"loc":{"start":{"line":9,"column":14},"end":{"line":9,"column":57}},"type":"binary-expr","locations":[{"start":{"line":9,"column":14},"end":{"line":9,"column":30}},{"start":{"line":9,"column":35},"end":{"line":9,"column":56}}],"line":9},"1":{"loc":{"start":{"line":18,"column":14},"end":{"line":18,"column":57}},"type":"binary-expr","locations":[{"start":{"line":18,"column":14},"end":{"line":18,"column":30}},{"start":{"line":18,"column":35},"end":{"line":18,"column":56}}],"line":18}},"s":{"0":3,"1":3,"2":3,"3":3,"4":3,"5":3,"6":3,"7":3,"8":3,"9":3,"10":3,"11":3},"f":{"0":3,"1":3},"b":{"0":[3,3],"1":[3,3]},"inputSourceMap":null,"_coverageSchema":"1a1c01bbd47fc00a2c39e90264f33305004495a9","hash":"2b4d35e712b7f402afd44a8a2e9e23c2ba1a07d6"}
}
