TN:
SF:lib/find.js
FN:6,(anonymous_0)
FN:6,(anonymous_1)
FN:6,(anonymous_2)
FN:8,(anonymous_3)
FN:8,(anonymous_4)
FN:10,(anonymous_5)
FN:10,(anonymous_6)
FN:10,(anonymous_7)
FN:11,(anonymous_8)
FN:11,(anonymous_9)
FN:12,(anonymous_10)
FN:22,(anonymous_11)
FN:22,(anonymous_12)
FN:25,(anonymous_13)
FN:25,(anonymous_14)
FN:25,(anonymous_15)
FN:27,(anonymous_16)
FN:28,(anonymous_17)
FN:30,(anonymous_18)
FN:30,(anonymous_19)
FN:31,(anonymous_20)
FN:31,(anonymous_21)
FN:31,(anonymous_22)
FN:31,(anonymous_23)
FN:32,(anonymous_24)
FN:32,(anonymous_25)
FN:32,(anonymous_26)
FN:32,(anonymous_27)
FN:33,(anonymous_28)
FN:34,(anonymous_29)
FN:34,(anonymous_30)
FNF:31
FNH:9
FNDA:2,(anonymous_0)
FNDA:2,(anonymous_1)
FNDA:4,(anonymous_2)
FNDA:0,(anonymous_3)
FNDA:0,(anonymous_4)
FNDA:0,(anonymous_5)
FNDA:0,(anonymous_6)
FNDA:0,(anonymous_7)
FNDA:1,(anonymous_8)
FNDA:1,(anonymous_9)
FNDA:4,(anonymous_10)
FNDA:0,(anonymous_11)
FNDA:0,(anonymous_12)
FNDA:3,(anonymous_13)
FNDA:3,(anonymous_14)
FNDA:3,(anonymous_15)
FNDA:0,(anonymous_16)
FNDA:0,(anonymous_17)
FNDA:0,(anonymous_18)
FNDA:0,(anonymous_19)
FNDA:0,(anonymous_20)
FNDA:0,(anonymous_21)
FNDA:0,(anonymous_22)
FNDA:0,(anonymous_23)
FNDA:0,(anonymous_24)
FNDA:0,(anonymous_25)
FNDA:0,(anonymous_26)
FNDA:0,(anonymous_27)
FNDA:0,(anonymous_28)
FNDA:0,(anonymous_29)
FNDA:0,(anonymous_30)
DA:2,2
DA:3,2
DA:4,2
DA:5,2
DA:6,4
DA:7,2
DA:8,2
DA:9,2
DA:10,2
DA:11,2
DA:12,1
DA:13,4
DA:14,4
DA:15,2
DA:16,4
DA:17,4
DA:18,4
DA:21,2
DA:22,2
DA:23,0
DA:25,3
DA:26,2
DA:27,2
DA:28,0
DA:30,2
DA:31,2
DA:32,2
DA:33,2
DA:34,2
LF:29
LH:27
BRDA:6,0,0,0
BRDA:6,1,0,0
BRDA:8,2,0,0
BRDA:8,3,0,0
BRDA:14,4,0,2
BRDA:14,4,1,2
BRDA:14,5,0,4
BRDA:14,5,1,4
BRDA:16,6,0,4
BRDA:16,6,1,0
BRDA:23,7,0,0
BRDA:23,7,1,0
BRDA:30,8,0,0
BRDA:30,8,1,0
BRDA:33,9,0,0
BRDA:33,9,1,0
BRF:16
BRH:5
end_of_record
TN:
SF:lib/match.js
FN:5,(anonymous_0)
FN:7,(anonymous_1)
FN:9,(anonymous_2)
FN:11,(anonymous_3)
FN:11,(anonymous_4)
FN:13,(anonymous_5)
FN:13,(anonymous_6)
FN:13,(anonymous_7)
FN:15,(anonymous_8)
FN:15,(anonymous_9)
FN:15,(anonymous_10)
FN:17,(anonymous_11)
FN:17,(anonymous_12)
FN:20,(anonymous_13)
FN:20,(anonymous_14)
FN:20,(anonymous_15)
FN:27,(anonymous_16)
FN:27,(anonymous_17)
FN:27,(anonymous_18)
FN:27,(anonymous_19)
FN:29,(anonymous_20)
FN:32,(anonymous_21)
FN:34,(anonymous_22)
FN:36,(anonymous_23)
FN:37,(anonymous_24)
FN:38,(anonymous_25)
FN:41,(anonymous_26)
FN:43,(anonymous_27)
FN:45,(anonymous_28)
FN:47,(anonymous_29)
FN:47,(anonymous_30)
FN:49,(anonymous_31)
FN:49,(anonymous_32)
FN:53,(anonymous_33)
FN:54,(anonymous_34)
FN:54,(anonymous_35)
FNF:36
FNH:28
FNDA:4,(anonymous_0)
FNDA:11,(anonymous_1)
FNDA:8,(anonymous_2)
FNDA:2,(anonymous_3)
FNDA:2,(anonymous_4)
FNDA:4,(anonymous_5)
FNDA:4,(anonymous_6)
FNDA:8,(anonymous_7)
FNDA:3,(anonymous_8)
FNDA:3,(anonymous_9)
FNDA:7,(anonymous_10)
FNDA:14,(anonymous_11)
FNDA:14,(anonymous_12)
FNDA:13,(anonymous_13)
FNDA:13,(anonymous_14)
FNDA:14,(anonymous_15)
FNDA:6,(anonymous_16)
FNDA:3,(anonymous_17)
FNDA:3,(anonymous_18)
FNDA:3,(anonymous_19)
FNDA:2,(anonymous_20)
FNDA:0,(anonymous_21)
FNDA:25,(anonymous_22)
FNDA:0,(anonymous_23)
FNDA:0,(anonymous_24)
FNDA:0,(anonymous_25)
FNDA:1,(anonymous_26)
FNDA:0,(anonymous_27)
FNDA:0,(anonymous_28)
FNDA:0,(anonymous_29)
FNDA:0,(anonymous_30)
FNDA:6,(anonymous_31)
FNDA:3,(anonymous_32)
FNDA:1,(anonymous_33)
FNDA:1,(anonymous_34)
FNDA:1,(anonymous_35)
DA:2,3
DA:3,3
DA:4,3
DA:5,4
DA:6,3
DA:7,11
DA:8,3
DA:9,8
DA:10,3
DA:11,3
DA:12,3
DA:13,8
DA:14,3
DA:15,7
DA:16,3
DA:17,14
DA:20,13
DA:21,14
DA:22,14
DA:23,0
DA:24,14
DA:26,3
DA:27,6
DA:28,3
DA:29,3
DA:31,3
DA:32,3
DA:33,3
DA:34,3
DA:35,25
DA:36,0
DA:37,0
DA:38,0
DA:41,3
DA:42,3
DA:43,3
DA:44,3
DA:45,3
DA:46,3
DA:47,3
DA:48,3
DA:49,6
DA:50,3
DA:51,3
DA:53,1
DA:54,1
DA:57,3
DA:58,3
DA:59,3
DA:60,3
DA:61,3
LF:51
LH:47
BRDA:13,0,0,8
BRDA:13,0,1,6
BRDA:15,1,0,7
BRDA:15,1,1,7
BRDA:17,2,0,6
BRDA:17,2,1,8
BRDA:18,3,0,3
BRDA:18,3,1,3
BRDA:22,4,0,0
BRDA:22,4,1,14
BRDA:28,5,0,3
BRDA:28,5,1,0
BRDA:29,6,0,2
BRDA:29,6,1,1
BRF:14
BRH:12
end_of_record
TN:
SF:lib/sentenceResult.js
FN:7,(anonymous_0)
FN:7,(anonymous_1)
FN:7,(anonymous_2)
FN:9,(anonymous_3)
FN:9,(anonymous_4)
FN:11,(anonymous_5)
FN:11,(anonymous_6)
FN:11,(anonymous_7)
FN:12,(anonymous_8)
FN:13,(anonymous_9)
FN:15,(anonymous_10)
FN:15,(anonymous_11)
FN:15,(anonymous_12)
FN:15,(anonymous_13)
FN:17,(anonymous_14)
FN:17,(anonymous_15)
FN:19,(anonymous_16)
FN:19,(anonymous_17)
FN:21,(anonymous_18)
FN:21,(anonymous_19)
FN:21,(anonymous_20)
FN:23,(anonymous_21)
FN:23,(anonymous_22)
FN:23,(anonymous_23)
FN:23,(anonymous_24)
FN:25,(anonymous_25)
FN:26,(anonymous_26)
FN:26,(anonymous_27)
FNF:28
FNH:25
FNDA:1,(anonymous_0)
FNDA:1,(anonymous_1)
FNDA:1,(anonymous_2)
FNDA:2,(anonymous_3)
FNDA:2,(anonymous_4)
FNDA:2,(anonymous_5)
FNDA:2,(anonymous_6)
FNDA:2,(anonymous_7)
FNDA:4,(anonymous_8)
FNDA:3,(anonymous_9)
FNDA:1,(anonymous_10)
FNDA:1,(anonymous_11)
FNDA:1,(anonymous_12)
FNDA:2,(anonymous_13)
FNDA:2,(anonymous_14)
FNDA:2,(anonymous_15)
FNDA:2,(anonymous_16)
FNDA:2,(anonymous_17)
FNDA:2,(anonymous_18)
FNDA:2,(anonymous_19)
FNDA:1,(anonymous_20)
FNDA:2,(anonymous_21)
FNDA:2,(anonymous_22)
FNDA:2,(anonymous_23)
FNDA:2,(anonymous_24)
FNDA:0,(anonymous_25)
FNDA:0,(anonymous_26)
FNDA:0,(anonymous_27)
DA:2,1
DA:3,1
DA:4,1
DA:5,1
DA:6,1
DA:7,1
DA:8,1
DA:9,2
DA:10,1
DA:11,2
DA:12,4
DA:13,3
DA:14,1
DA:15,2
DA:16,1
DA:17,2
DA:18,1
DA:19,2
DA:20,1
DA:21,2
DA:22,1
DA:23,2
DA:24,1
DA:25,1
DA:26,1
DA:27,1
LF:26
LH:26
BRDA:9,0,0,2
BRDA:9,0,1,1
BRDA:17,1,0,2
BRDA:17,1,1,1
BRDA:19,2,0,2
BRDA:19,2,1,1
BRDA:21,3,0,1
BRDA:21,3,1,0
BRF:8
BRH:7
end_of_record
TN:
SF:lib/types.js
FN:5,(anonymous_0)
FN:12,(anonymous_1)
FNF:2
FNH:2
FNDA:3,(anonymous_0)
FNDA:3,(anonymous_1)
DA:2,3
DA:3,3
DA:5,3
DA:6,3
DA:7,3
DA:8,3
DA:12,3
DA:13,3
DA:14,3
DA:15,3
DA:16,3
DA:17,3
LF:12
LH:12
BRDA:9,0,0,3
BRDA:9,0,1,3
BRDA:18,1,0,3
BRDA:18,1,1,3
BRF:4
BRH:4
end_of_record
