TN:
SF:lib/find.js
FN:6,(anonymous_0)
FN:6,(anonymous_1)
FN:6,(anonymous_2)
FN:8,(anonymous_3)
FN:8,(anonymous_4)
FN:10,(anonymous_5)
FN:10,(anonymous_6)
FN:10,(anonymous_7)
FN:11,(anonymous_8)
FN:11,(anonymous_9)
FN:12,(anonymous_10)
FN:22,(anonymous_11)
FN:22,(anonymous_12)
FN:23,(anonymous_13)
FN:32,(anonymous_14)
FN:34,(anonymous_15)
FN:34,(anonymous_16)
FN:37,(anonymous_17)
FN:37,(anonymous_18)
FN:37,(anonymous_19)
FNF:20
FNH:13
FNDA:2,(anonymous_0)
FNDA:2,(anonymous_1)
FNDA:4,(anonymous_2)
FNDA:0,(anonymous_3)
FNDA:0,(anonymous_4)
FNDA:0,(anonymous_5)
FNDA:0,(anonymous_6)
FNDA:0,(anonymous_7)
FNDA:1,(anonymous_8)
FNDA:1,(anonymous_9)
FNDA:4,(anonymous_10)
FNDA:2,(anonymous_11)
FNDA:2,(anonymous_12)
FNDA:4,(anonymous_13)
FNDA:1,(anonymous_14)
FNDA:0,(anonymous_15)
FNDA:0,(anonymous_16)
FNDA:3,(anonymous_17)
FNDA:3,(anonymous_18)
FNDA:3,(anonymous_19)
DA:2,2
DA:3,2
DA:4,2
DA:5,2
DA:6,4
DA:7,2
DA:8,2
DA:9,2
DA:10,2
DA:11,2
DA:12,1
DA:13,4
DA:14,4
DA:15,2
DA:16,4
DA:17,4
DA:18,4
DA:21,2
DA:22,2
DA:23,2
DA:24,4
DA:25,4
DA:26,3
DA:28,4
DA:31,2
DA:32,2
DA:33,2
DA:34,2
DA:35,0
DA:37,3
DA:38,2
LF:31
LH:30
BRDA:6,0,0,0
BRDA:6,1,0,0
BRDA:8,2,0,0
BRDA:8,3,0,0
BRDA:14,4,0,2
BRDA:14,4,1,2
BRDA:14,5,0,4
BRDA:14,5,1,4
BRDA:16,6,0,4
BRDA:16,6,1,0
BRDA:25,7,0,3
BRDA:25,7,1,1
BRDA:35,8,0,0
BRDA:35,8,1,0
BRF:14
BRH:7
end_of_record
TN:
SF:lib/match.js
FN:5,(anonymous_0)
FN:7,(anonymous_1)
FN:9,(anonymous_2)
FN:11,(anonymous_3)
FN:11,(anonymous_4)
FN:13,(anonymous_5)
FN:13,(anonymous_6)
FN:13,(anonymous_7)
FN:15,(anonymous_8)
FN:15,(anonymous_9)
FN:15,(anonymous_10)
FN:17,(anonymous_11)
FN:17,(anonymous_12)
FN:20,(anonymous_13)
FN:20,(anonymous_14)
FN:20,(anonymous_15)
FN:27,(anonymous_16)
FN:27,(anonymous_17)
FN:27,(anonymous_18)
FN:27,(anonymous_19)
FN:29,(anonymous_20)
FN:32,(anonymous_21)
FN:34,(anonymous_22)
FN:36,(anonymous_23)
FN:37,(anonymous_24)
FN:38,(anonymous_25)
FN:41,(anonymous_26)
FN:43,(anonymous_27)
FN:45,(anonymous_28)
FN:47,(anonymous_29)
FN:47,(anonymous_30)
FN:49,(anonymous_31)
FN:49,(anonymous_32)
FN:53,(anonymous_33)
FN:54,(anonymous_34)
FN:54,(anonymous_35)
FNF:36
FNH:28
FNDA:18,(anonymous_0)
FNDA:11,(anonymous_1)
FNDA:8,(anonymous_2)
FNDA:2,(anonymous_3)
FNDA:2,(anonymous_4)
FNDA:4,(anonymous_5)
FNDA:4,(anonymous_6)
FNDA:8,(anonymous_7)
FNDA:3,(anonymous_8)
FNDA:3,(anonymous_9)
FNDA:7,(anonymous_10)
FNDA:14,(anonymous_11)
FNDA:14,(anonymous_12)
FNDA:13,(anonymous_13)
FNDA:13,(anonymous_14)
FNDA:14,(anonymous_15)
FNDA:6,(anonymous_16)
FNDA:3,(anonymous_17)
FNDA:3,(anonymous_18)
FNDA:3,(anonymous_19)
FNDA:2,(anonymous_20)
FNDA:0,(anonymous_21)
FNDA:25,(anonymous_22)
FNDA:0,(anonymous_23)
FNDA:0,(anonymous_24)
FNDA:0,(anonymous_25)
FNDA:1,(anonymous_26)
FNDA:0,(anonymous_27)
FNDA:0,(anonymous_28)
FNDA:0,(anonymous_29)
FNDA:0,(anonymous_30)
FNDA:6,(anonymous_31)
FNDA:3,(anonymous_32)
FNDA:1,(anonymous_33)
FNDA:1,(anonymous_34)
FNDA:1,(anonymous_35)
DA:2,3
DA:3,3
DA:4,3
DA:5,18
DA:6,3
DA:7,11
DA:8,3
DA:9,8
DA:10,3
DA:11,3
DA:12,3
DA:13,8
DA:14,3
DA:15,7
DA:16,3
DA:17,14
DA:20,13
DA:21,14
DA:22,14
DA:23,0
DA:24,14
DA:26,3
DA:27,6
DA:28,3
DA:29,3
DA:31,3
DA:32,3
DA:33,3
DA:34,3
DA:35,25
DA:36,0
DA:37,0
DA:38,0
DA:41,3
DA:42,3
DA:43,3
DA:44,3
DA:45,3
DA:46,3
DA:47,3
DA:48,3
DA:49,6
DA:50,3
DA:51,3
DA:53,1
DA:54,1
DA:57,3
DA:58,3
DA:59,3
DA:60,3
DA:61,3
LF:51
LH:47
BRDA:13,0,0,8
BRDA:13,0,1,6
BRDA:15,1,0,7
BRDA:15,1,1,7
BRDA:17,2,0,6
BRDA:17,2,1,8
BRDA:18,3,0,3
BRDA:18,3,1,3
BRDA:22,4,0,0
BRDA:22,4,1,14
BRDA:28,5,0,3
BRDA:28,5,1,0
BRDA:29,6,0,2
BRDA:29,6,1,1
BRF:14
BRH:12
end_of_record
TN:
SF:lib/result.js
FN:2,(anonymous_0)
FN:18,(anonymous_1)
FN:18,(anonymous_2)
FN:18,(anonymous_3)
FN:20,(anonymous_4)
FN:20,(anonymous_5)
FN:22,(anonymous_6)
FN:22,(anonymous_7)
FN:22,(anonymous_8)
FN:23,(anonymous_9)
FN:24,(anonymous_10)
FN:26,(anonymous_11)
FN:26,(anonymous_12)
FN:26,(anonymous_13)
FN:26,(anonymous_14)
FN:28,(anonymous_15)
FN:28,(anonymous_16)
FN:30,(anonymous_17)
FN:30,(anonymous_18)
FN:32,(anonymous_19)
FN:32,(anonymous_20)
FN:32,(anonymous_21)
FN:34,(anonymous_22)
FN:34,(anonymous_23)
FN:34,(anonymous_24)
FN:34,(anonymous_25)
FN:36,(anonymous_26)
FN:37,(anonymous_27)
FN:37,(anonymous_28)
FN:37,(anonymous_29)
FN:39,(anonymous_30)
FN:39,(anonymous_31)
FN:39,(anonymous_32)
FN:41,(anonymous_33)
FN:41,(anonymous_34)
FN:41,(anonymous_35)
FN:43,(anonymous_36)
FN:43,(anonymous_37)
FN:43,(anonymous_38)
FN:45,(anonymous_39)
FN:50,(anonymous_40)
FN:50,(anonymous_41)
FN:52,(anonymous_42)
FN:52,(anonymous_43)
FN:55,(anonymous_44)
FNF:45
FNH:42
FNDA:1,(anonymous_0)
FNDA:1,(anonymous_1)
FNDA:1,(anonymous_2)
FNDA:1,(anonymous_3)
FNDA:2,(anonymous_4)
FNDA:2,(anonymous_5)
FNDA:2,(anonymous_6)
FNDA:2,(anonymous_7)
FNDA:2,(anonymous_8)
FNDA:4,(anonymous_9)
FNDA:3,(anonymous_10)
FNDA:1,(anonymous_11)
FNDA:1,(anonymous_12)
FNDA:1,(anonymous_13)
FNDA:2,(anonymous_14)
FNDA:2,(anonymous_15)
FNDA:2,(anonymous_16)
FNDA:2,(anonymous_17)
FNDA:2,(anonymous_18)
FNDA:3,(anonymous_19)
FNDA:3,(anonymous_20)
FNDA:2,(anonymous_21)
FNDA:2,(anonymous_22)
FNDA:2,(anonymous_23)
FNDA:2,(anonymous_24)
FNDA:2,(anonymous_25)
FNDA:0,(anonymous_26)
FNDA:1,(anonymous_27)
FNDA:1,(anonymous_28)
FNDA:1,(anonymous_29)
FNDA:2,(anonymous_30)
FNDA:2,(anonymous_31)
FNDA:1,(anonymous_32)
FNDA:1,(anonymous_33)
FNDA:1,(anonymous_34)
FNDA:1,(anonymous_35)
FNDA:1,(anonymous_36)
FNDA:1,(anonymous_37)
FNDA:1,(anonymous_38)
FNDA:1,(anonymous_39)
FNDA:0,(anonymous_40)
FNDA:0,(anonymous_41)
FNDA:1,(anonymous_42)
FNDA:1,(anonymous_43)
FNDA:1,(anonymous_44)
DA:2,1
DA:3,1
DA:4,1
DA:5,0
DA:6,1
DA:7,1
DA:8,0
DA:9,0
DA:11,1
DA:13,1
DA:14,1
DA:15,1
DA:16,1
DA:17,1
DA:18,1
DA:19,1
DA:20,2
DA:21,1
DA:22,2
DA:23,4
DA:24,3
DA:25,1
DA:26,2
DA:27,1
DA:28,2
DA:29,1
DA:30,2
DA:31,1
DA:32,3
DA:33,1
DA:34,2
DA:35,1
DA:36,1
DA:37,1
DA:38,1
DA:39,2
DA:40,1
DA:41,1
DA:42,1
DA:43,1
DA:44,1
DA:45,1
DA:46,1
DA:47,1
DA:49,1
DA:50,1
DA:51,1
DA:52,1
DA:53,1
DA:54,1
DA:55,1
DA:57,1
LF:52
LH:49
BRDA:2,0,0,1
BRDA:2,0,1,1
BRDA:2,0,2,1
BRDA:4,1,0,0
BRDA:4,1,1,1
BRDA:4,2,0,1
BRDA:4,2,1,1
BRDA:6,3,0,1
BRDA:6,3,1,0
BRDA:6,4,0,1
BRDA:6,4,1,1
BRDA:8,5,0,0
BRDA:8,5,1,0
BRDA:8,6,0,0
BRDA:8,6,1,0
BRDA:20,7,0,2
BRDA:20,7,1,1
BRDA:28,8,0,2
BRDA:28,8,1,1
BRDA:30,9,0,2
BRDA:30,9,1,1
BRDA:32,10,0,2
BRDA:32,10,1,1
BRF:23
BRH:17
end_of_record
TN:
SF:lib/types.js
FN:5,(anonymous_0)
FN:12,(anonymous_1)
FNF:2
FNH:2
FNDA:3,(anonymous_0)
FNDA:3,(anonymous_1)
DA:2,3
DA:3,3
DA:5,3
DA:6,3
DA:7,3
DA:8,3
DA:12,3
DA:13,3
DA:14,3
DA:15,3
DA:16,3
DA:17,3
LF:12
LH:12
BRDA:9,0,0,3
BRDA:9,0,1,3
BRDA:18,1,0,3
BRDA:18,1,1,3
BRF:4
BRH:4
end_of_record
